{"/home/alban/github/data-fair/server/index.js":{"path":"/home/alban/github/data-fair/server/index.js","statementMap":{"0":{"start":{"line":2,"column":15},"end":{"line":2,"column":32}},"1":{"start":{"line":3,"column":12},"end":{"line":3,"column":28}},"2":{"start":{"line":5,"column":0},"end":{"line":24,"column":2}},"3":{"start":{"line":6,"column":2},"end":{"line":8,"column":3}},"4":{"start":{"line":7,"column":4},"end":{"line":7,"column":41}},"5":{"start":{"line":9,"column":2},"end":{"line":11,"column":3}},"6":{"start":{"line":10,"column":4},"end":{"line":10,"column":91}},"7":{"start":{"line":12,"column":2},"end":{"line":15,"column":3}},"8":{"start":{"line":14,"column":4},"end":{"line":14,"column":18}},"9":{"start":{"line":17,"column":2},"end":{"line":22,"column":3}},"10":{"start":{"line":18,"column":4},"end":{"line":18,"column":112}},"11":{"start":{"line":19,"column":4},"end":{"line":19,"column":30}},"12":{"start":{"line":21,"column":4},"end":{"line":21,"column":54}},"13":{"start":{"line":23,"column":2},"end":{"line":23,"column":18}},"14":{"start":{"line":26,"column":0},"end":{"line":35,"column":2}},"15":{"start":{"line":27,"column":2},"end":{"line":27,"column":65}},"16":{"start":{"line":28,"column":2},"end":{"line":34,"column":4}},"17":{"start":{"line":29,"column":4},"end":{"line":29,"column":36}},"18":{"start":{"line":30,"column":4},"end":{"line":30,"column":18}},"19":{"start":{"line":32,"column":4},"end":{"line":32,"column":56}},"20":{"start":{"line":33,"column":4},"end":{"line":33,"column":20}}},"fnMap":{"0":{"name":"(anonymous_0)","decl":{"start":{"line":5,"column":15},"end":{"line":5,"column":16}},"loc":{"start":{"line":5,"column":22},"end":{"line":16,"column":1}},"line":5},"1":{"name":"(anonymous_1)","decl":{"start":{"line":16,"column":3},"end":{"line":16,"column":4}},"loc":{"start":{"line":16,"column":10},"end":{"line":24,"column":1}},"line":16},"2":{"name":"onSigterm","decl":{"start":{"line":26,"column":31},"end":{"line":26,"column":40}},"loc":{"start":{"line":26,"column":44},"end":{"line":35,"column":1}},"line":26},"3":{"name":"(anonymous_3)","decl":{"start":{"line":28,"column":18},"end":{"line":28,"column":19}},"loc":{"start":{"line":28,"column":24},"end":{"line":31,"column":3}},"line":28},"4":{"name":"(anonymous_4)","decl":{"start":{"line":31,"column":5},"end":{"line":31,"column":6}},"loc":{"start":{"line":31,"column":12},"end":{"line":34,"column":3}},"line":31}},"branchMap":{"0":{"loc":{"start":{"line":6,"column":2},"end":{"line":8,"column":3}},"type":"if","locations":[{"start":{"line":6,"column":2},"end":{"line":8,"column":3}},{"start":{"line":6,"column":2},"end":{"line":8,"column":3}}],"line":6},"1":{"loc":{"start":{"line":9,"column":2},"end":{"line":11,"column":3}},"type":"if","locations":[{"start":{"line":9,"column":2},"end":{"line":11,"column":3}},{"start":{"line":9,"column":2},"end":{"line":11,"column":3}}],"line":9},"2":{"loc":{"start":{"line":12,"column":2},"end":{"line":15,"column":3}},"type":"if","locations":[{"start":{"line":12,"column":2},"end":{"line":15,"column":3}},{"start":{"line":12,"column":2},"end":{"line":15,"column":3}}],"line":12},"3":{"loc":{"start":{"line":17,"column":2},"end":{"line":22,"column":3}},"type":"if","locations":[{"start":{"line":17,"column":2},"end":{"line":22,"column":3}},{"start":{"line":17,"column":2},"end":{"line":22,"column":3}}],"line":17}},"s":{"0":1,"1":1,"2":1,"3":1,"4":0,"5":1,"6":0,"7":1,"8":1,"9":0,"10":0,"11":0,"12":0,"13":0,"14":1,"15":0,"16":0,"17":0,"18":0,"19":0,"20":0},"f":{"0":1,"1":0,"2":0,"3":0,"4":0},"b":{"0":[0,1],"1":[0,1],"2":[1,0],"3":[0,0]},"_coverageSchema":"1a1c01bbd47fc00a2c39e90264f33305004495a9","hash":"8a07016bb16b5933851ccd8bf0a2f4b56e4b04d0","contentHash":"70aa1fed9f7fb376f09b64cf81bd2292069c5cafb3c674bd933107e3432d80e7"},"/home/alban/github/data-fair/config/default.js":{"path":"/home/alban/github/data-fair/config/default.js","statementMap":{"0":{"start":{"line":1,"column":0},"end":{"line":165,"column":1}}},"fnMap":{},"branchMap":{"0":{"loc":{"start":{"line":14,"column":54},"end":{"line":14,"column":91}},"type":"binary-expr","locations":[{"start":{"line":14,"column":54},"end":{"line":14,"column":74}},{"start":{"line":14,"column":78},"end":{"line":14,"column":91}}],"line":14},"1":{"loc":{"start":{"line":29,"column":31},"end":{"line":29,"column":68}},"type":"binary-expr","locations":[{"start":{"line":29,"column":31},"end":{"line":29,"column":51}},{"start":{"line":29,"column":55},"end":{"line":29,"column":68}}],"line":29}},"s":{"0":1},"f":{},"b":{"0":[1,0],"1":[1,0]},"_coverageSchema":"1a1c01bbd47fc00a2c39e90264f33305004495a9","hash":"991c18c2aad134ea14c2a48149317eea7169e5b3","contentHash":"c663a2cf43614002575d53f67c33a1b733a9cf62c75aad7ccce9dfc97205d937"},"/home/alban/github/data-fair/config/test.js":{"path":"/home/alban/github/data-fair/config/test.js","statementMap":{"0":{"start":{"line":1,"column":0},"end":{"line":49,"column":1}}},"fnMap":{},"branchMap":{},"s":{"0":1},"f":{},"b":{},"_coverageSchema":"1a1c01bbd47fc00a2c39e90264f33305004495a9","hash":"cd5e001197ba623250ea0bc320de73ec75d95f2a","contentHash":"7e32962f17397e479a80697ee3c7201a4f4ebda084fa93f2732d62ee766e66d6"},"/home/alban/github/data-fair/config/custom-environment-variables.js":{"path":"/home/alban/github/data-fair/config/custom-environment-variables.js","statementMap":{"0":{"start":{"line":1,"column":0},"end":{"line":101,"column":1}}},"fnMap":{},"branchMap":{},"s":{"0":1},"f":{},"b":{},"_coverageSchema":"1a1c01bbd47fc00a2c39e90264f33305004495a9","hash":"217968675aafc0e8847b746ddb7909975313a7f5","contentHash":"cd3ebb7868151909da546416a40720a6fcdd9d1bca565657bda5ac6f31817384"},"/home/alban/github/data-fair/server/app.js":{"path":"/home/alban/github/data-fair/server/app.js","statementMap":{"0":{"start":{"line":1,"column":15},"end":{"line":1,"column":32}},"1":{"start":{"line":2,"column":16},"end":{"line":2,"column":34}},"2":{"start":{"line":3,"column":23},"end":{"line":3,"column":50}},"3":{"start":{"line":4,"column":16},"end":{"line":4,"column":37}},"4":{"start":{"line":5,"column":16},"end":{"line":5,"column":37}},"5":{"start":{"line":6,"column":16},"end":{"line":6,"column":37}},"6":{"start":{"line":7,"column":15},"end":{"line":7,"column":40}},"7":{"start":{"line":8,"column":19},"end":{"line":8,"column":43}},"8":{"start":{"line":9,"column":16},"end":{"line":9,"column":36}},"9":{"start":{"line":10,"column":16},"end":{"line":15,"column":2}},"10":{"start":{"line":17,"column":12},"end":{"line":17,"column":21}},"11":{"start":{"line":20,"column":0},"end":{"line":82,"column":1}},"12":{"start":{"line":21,"column":2},"end":{"line":24,"column":4}},"13":{"start":{"line":22,"column":4},"end":{"line":23,"column":15}},"14":{"start":{"line":22,"column":35},"end":{"line":22,"column":106}},"15":{"start":{"line":23,"column":9},"end":{"line":23,"column":15}},"16":{"start":{"line":26,"column":2},"end":{"line":26,"column":27}},"17":{"start":{"line":27,"column":2},"end":{"line":27,"column":27}},"18":{"start":{"line":29,"column":2},"end":{"line":35,"column":3}},"19":{"start":{"line":31,"column":18},"end":{"line":31,"column":50}},"20":{"start":{"line":32,"column":4},"end":{"line":32,"column":115}},"21":{"start":{"line":33,"column":4},"end":{"line":33,"column":119}},"22":{"start":{"line":34,"column":4},"end":{"line":34,"column":101}},"23":{"start":{"line":37,"column":21},"end":{"line":37,"column":69}},"24":{"start":{"line":38,"column":2},"end":{"line":42,"column":4}},"25":{"start":{"line":40,"column":4},"end":{"line":40,"column":70}},"26":{"start":{"line":40,"column":57},"end":{"line":40,"column":70}},"27":{"start":{"line":41,"column":4},"end":{"line":41,"column":30}},"28":{"start":{"line":43,"column":2},"end":{"line":43,"column":37}},"29":{"start":{"line":44,"column":2},"end":{"line":44,"column":51}},"30":{"start":{"line":47,"column":17},"end":{"line":47,"column":43}},"31":{"start":{"line":48,"column":2},"end":{"line":48,"column":47}},"32":{"start":{"line":49,"column":2},"end":{"line":49,"column":95}},"33":{"start":{"line":50,"column":2},"end":{"line":50,"column":94}},"34":{"start":{"line":51,"column":2},"end":{"line":51,"column":99}},"35":{"start":{"line":52,"column":2},"end":{"line":52,"column":106}},"36":{"start":{"line":53,"column":2},"end":{"line":53,"column":94}},"37":{"start":{"line":54,"column":2},"end":{"line":54,"column":85}},"38":{"start":{"line":55,"column":2},"end":{"line":55,"column":74}},"39":{"start":{"line":56,"column":2},"end":{"line":56,"column":68}},"40":{"start":{"line":57,"column":2},"end":{"line":57,"column":64}},"41":{"start":{"line":58,"column":2},"end":{"line":58,"column":56}},"42":{"start":{"line":59,"column":2},"end":{"line":59,"column":44}},"43":{"start":{"line":62,"column":25},"end":{"line":62,"column":59}},"44":{"start":{"line":63,"column":2},"end":{"line":66,"column":4}},"45":{"start":{"line":64,"column":4},"end":{"line":64,"column":59}},"46":{"start":{"line":65,"column":4},"end":{"line":65,"column":48}},"47":{"start":{"line":67,"column":2},"end":{"line":67,"column":94}},"48":{"start":{"line":70,"column":2},"end":{"line":77,"column":4}},"49":{"start":{"line":71,"column":4},"end":{"line":73,"column":5}},"50":{"start":{"line":72,"column":6},"end":{"line":72,"column":53}},"51":{"start":{"line":74,"column":19},"end":{"line":74,"column":54}},"52":{"start":{"line":75,"column":4},"end":{"line":75,"column":68}},"53":{"start":{"line":75,"column":24},"end":{"line":75,"column":68}},"54":{"start":{"line":76,"column":4},"end":{"line":76,"column":62}},"55":{"start":{"line":76,"column":26},"end":{"line":76,"column":62}},"56":{"start":{"line":79,"column":20},"end":{"line":79,"column":33}},"57":{"start":{"line":80,"column":2},"end":{"line":80,"column":44}},"58":{"start":{"line":81,"column":2},"end":{"line":81,"column":40}},"59":{"start":{"line":85,"column":0},"end":{"line":153,"column":1}},"60":{"start":{"line":86,"column":2},"end":{"line":89,"column":3}},"61":{"start":{"line":87,"column":4},"end":{"line":87,"column":30}},"62":{"start":{"line":88,"column":4},"end":{"line":88,"column":45}},"63":{"start":{"line":92,"column":2},"end":{"line":96,"column":3}},"64":{"start":{"line":93,"column":4},"end":{"line":93,"column":52}},"65":{"start":{"line":95,"column":4},"end":{"line":95,"column":46}},"66":{"start":{"line":98,"column":2},"end":{"line":98,"column":24}},"67":{"start":{"line":99,"column":2},"end":{"line":99,"column":19}},"68":{"start":{"line":100,"column":2},"end":{"line":100,"column":32}},"69":{"start":{"line":101,"column":2},"end":{"line":101,"column":37}},"70":{"start":{"line":102,"column":2},"end":{"line":102,"column":47}},"71":{"start":{"line":104,"column":2},"end":{"line":138,"column":3}},"72":{"start":{"line":105,"column":26},"end":{"line":105,"column":82}},"73":{"start":{"line":106,"column":4},"end":{"line":106,"column":43}},"74":{"start":{"line":107,"column":4},"end":{"line":107,"column":43}},"75":{"start":{"line":108,"column":4},"end":{"line":108,"column":43}},"76":{"start":{"line":109,"column":4},"end":{"line":109,"column":51}},"77":{"start":{"line":110,"column":4},"end":{"line":110,"column":55}},"78":{"start":{"line":111,"column":4},"end":{"line":111,"column":46}},"79":{"start":{"line":112,"column":4},"end":{"line":112,"column":25}},"80":{"start":{"line":114,"column":4},"end":{"line":114,"column":30}},"81":{"start":{"line":116,"column":4},"end":{"line":119,"column":6}},"82":{"start":{"line":117,"column":6},"end":{"line":118,"column":17}},"83":{"start":{"line":117,"column":36},"end":{"line":117,"column":107}},"84":{"start":{"line":118,"column":11},"end":{"line":118,"column":17}},"85":{"start":{"line":120,"column":4},"end":{"line":120,"column":27}},"86":{"start":{"line":121,"column":4},"end":{"line":121,"column":34}},"87":{"start":{"line":124,"column":4},"end":{"line":124,"column":26}},"88":{"start":{"line":125,"column":4},"end":{"line":128,"column":6}},"89":{"start":{"line":126,"column":6},"end":{"line":126,"column":75}},"90":{"start":{"line":127,"column":6},"end":{"line":127,"column":12}},"91":{"start":{"line":129,"column":17},"end":{"line":129,"column":42}},"92":{"start":{"line":130,"column":4},"end":{"line":130,"column":34}},"93":{"start":{"line":131,"column":4},"end":{"line":131,"column":24}},"94":{"start":{"line":132,"column":4},"end":{"line":132,"column":29}},"95":{"start":{"line":134,"column":4},"end":{"line":137,"column":5}},"96":{"start":{"line":135,"column":6},"end":{"line":135,"column":32}},"97":{"start":{"line":136,"column":6},"end":{"line":136,"column":47}},"98":{"start":{"line":140,"column":2},"end":{"line":143,"column":3}},"99":{"start":{"line":141,"column":4},"end":{"line":141,"column":29}},"100":{"start":{"line":142,"column":4},"end":{"line":142,"column":22}},"101":{"start":{"line":147,"column":2},"end":{"line":150,"column":3}},"102":{"start":{"line":148,"column":21},"end":{"line":148,"column":107}},"103":{"start":{"line":149,"column":4},"end":{"line":149,"column":63}},"104":{"start":{"line":152,"column":2},"end":{"line":152,"column":12}},"105":{"start":{"line":155,"column":0},"end":{"line":170,"column":1}},"106":{"start":{"line":156,"column":2},"end":{"line":161,"column":3}},"107":{"start":{"line":157,"column":4},"end":{"line":157,"column":60}},"108":{"start":{"line":157,"column":44},"end":{"line":157,"column":57}},"109":{"start":{"line":158,"column":4},"end":{"line":158,"column":18}},"110":{"start":{"line":159,"column":4},"end":{"line":159,"column":41}},"111":{"start":{"line":160,"column":4},"end":{"line":160,"column":24}},"112":{"start":{"line":163,"column":2},"end":{"line":166,"column":3}},"113":{"start":{"line":164,"column":4},"end":{"line":164,"column":21}},"114":{"start":{"line":165,"column":4},"end":{"line":165,"column":24}},"115":{"start":{"line":168,"column":2},"end":{"line":168,"column":38}},"116":{"start":{"line":169,"column":2},"end":{"line":169,"column":29}}},"fnMap":{"0":{"name":"(anonymous_0)","decl":{"start":{"line":21,"column":10},"end":{"line":21,"column":11}},"loc":{"start":{"line":21,"column":30},"end":{"line":24,"column":3}},"line":21},"1":{"name":"(anonymous_1)","decl":{"start":{"line":38,"column":10},"end":{"line":38,"column":11}},"loc":{"start":{"line":38,"column":30},"end":{"line":42,"column":3}},"line":38},"2":{"name":"(anonymous_2)","decl":{"start":{"line":63,"column":24},"end":{"line":63,"column":25}},"loc":{"start":{"line":63,"column":38},"end":{"line":66,"column":3}},"line":63},"3":{"name":"(anonymous_3)","decl":{"start":{"line":70,"column":10},"end":{"line":70,"column":11}},"loc":{"start":{"line":70,"column":35},"end":{"line":77,"column":3}},"line":70},"4":{"name":"(anonymous_4)","decl":{"start":{"line":85,"column":14},"end":{"line":85,"column":15}},"loc":{"start":{"line":85,"column":26},"end":{"line":153,"column":1}},"line":85},"5":{"name":"(anonymous_5)","decl":{"start":{"line":116,"column":12},"end":{"line":116,"column":13}},"loc":{"start":{"line":116,"column":32},"end":{"line":119,"column":5}},"line":116},"6":{"name":"(anonymous_6)","decl":{"start":{"line":125,"column":12},"end":{"line":125,"column":13}},"loc":{"start":{"line":125,"column":32},"end":{"line":128,"column":5}},"line":125},"7":{"name":"(anonymous_7)","decl":{"start":{"line":155,"column":15},"end":{"line":155,"column":16}},"loc":{"start":{"line":155,"column":26},"end":{"line":170,"column":1}},"line":155},"8":{"name":"(anonymous_8)","decl":{"start":{"line":157,"column":36},"end":{"line":157,"column":37}},"loc":{"start":{"line":157,"column":44},"end":{"line":157,"column":57}},"line":157}},"branchMap":{"0":{"loc":{"start":{"line":12,"column":23},"end":{"line":12,"column":72}},"type":"binary-expr","locations":[{"start":{"line":12,"column":23},"end":{"line":12,"column":49}},{"start":{"line":12,"column":53},"end":{"line":12,"column":72}}],"line":12},"1":{"loc":{"start":{"line":20,"column":0},"end":{"line":82,"column":1}},"type":"if","locations":[{"start":{"line":20,"column":0},"end":{"line":82,"column":1}},{"start":{"line":20,"column":0},"end":{"line":82,"column":1}}],"line":20},"2":{"loc":{"start":{"line":22,"column":4},"end":{"line":23,"column":15}},"type":"if","locations":[{"start":{"line":22,"column":4},"end":{"line":23,"column":15}},{"start":{"line":22,"column":4},"end":{"line":23,"column":15}}],"line":22},"3":{"loc":{"start":{"line":29,"column":2},"end":{"line":35,"column":3}},"type":"if","locations":[{"start":{"line":29,"column":2},"end":{"line":35,"column":3}},{"start":{"line":29,"column":2},"end":{"line":35,"column":3}}],"line":29},"4":{"loc":{"start":{"line":40,"column":4},"end":{"line":40,"column":70}},"type":"if","locations":[{"start":{"line":40,"column":4},"end":{"line":40,"column":70}},{"start":{"line":40,"column":4},"end":{"line":40,"column":70}}],"line":40},"5":{"loc":{"start":{"line":71,"column":4},"end":{"line":73,"column":5}},"type":"if","locations":[{"start":{"line":71,"column":4},"end":{"line":73,"column":5}},{"start":{"line":71,"column":4},"end":{"line":73,"column":5}}],"line":71},"6":{"loc":{"start":{"line":74,"column":19},"end":{"line":74,"column":54}},"type":"binary-expr","locations":[{"start":{"line":74,"column":19},"end":{"line":74,"column":33}},{"start":{"line":74,"column":37},"end":{"line":74,"column":47}},{"start":{"line":74,"column":51},"end":{"line":74,"column":54}}],"line":74},"7":{"loc":{"start":{"line":75,"column":4},"end":{"line":75,"column":68}},"type":"if","locations":[{"start":{"line":75,"column":4},"end":{"line":75,"column":68}},{"start":{"line":75,"column":4},"end":{"line":75,"column":68}}],"line":75},"8":{"loc":{"start":{"line":76,"column":4},"end":{"line":76,"column":62}},"type":"if","locations":[{"start":{"line":76,"column":4},"end":{"line":76,"column":62}},{"start":{"line":76,"column":4},"end":{"line":76,"column":62}}],"line":76},"9":{"loc":{"start":{"line":86,"column":2},"end":{"line":89,"column":3}},"type":"if","locations":[{"start":{"line":86,"column":2},"end":{"line":89,"column":3}},{"start":{"line":86,"column":2},"end":{"line":89,"column":3}}],"line":86},"10":{"loc":{"start":{"line":86,"column":6},"end":{"line":86,"column":63}},"type":"binary-expr","locations":[{"start":{"line":86,"column":6},"end":{"line":86,"column":29}},{"start":{"line":86,"column":33},"end":{"line":86,"column":63}}],"line":86},"11":{"loc":{"start":{"line":92,"column":2},"end":{"line":96,"column":3}},"type":"if","locations":[{"start":{"line":92,"column":2},"end":{"line":96,"column":3}},{"start":{"line":92,"column":2},"end":{"line":96,"column":3}}],"line":92},"12":{"loc":{"start":{"line":104,"column":2},"end":{"line":138,"column":3}},"type":"if","locations":[{"start":{"line":104,"column":2},"end":{"line":138,"column":3}},{"start":{"line":104,"column":2},"end":{"line":138,"column":3}}],"line":104},"13":{"loc":{"start":{"line":117,"column":6},"end":{"line":118,"column":17}},"type":"if","locations":[{"start":{"line":117,"column":6},"end":{"line":118,"column":17}},{"start":{"line":117,"column":6},"end":{"line":118,"column":17}}],"line":117},"14":{"loc":{"start":{"line":126,"column":39},"end":{"line":126,"column":75}},"type":"binary-expr","locations":[{"start":{"line":126,"column":39},"end":{"line":126,"column":69}},{"start":{"line":126,"column":73},"end":{"line":126,"column":75}}],"line":126},"15":{"loc":{"start":{"line":134,"column":4},"end":{"line":137,"column":5}},"type":"if","locations":[{"start":{"line":134,"column":4},"end":{"line":137,"column":5}},{"start":{"line":134,"column":4},"end":{"line":137,"column":5}}],"line":134},"16":{"loc":{"start":{"line":140,"column":2},"end":{"line":143,"column":3}},"type":"if","locations":[{"start":{"line":140,"column":2},"end":{"line":143,"column":3}},{"start":{"line":140,"column":2},"end":{"line":143,"column":3}}],"line":140},"17":{"loc":{"start":{"line":147,"column":2},"end":{"line":150,"column":3}},"type":"if","locations":[{"start":{"line":147,"column":2},"end":{"line":150,"column":3}},{"start":{"line":147,"column":2},"end":{"line":150,"column":3}}],"line":147},"18":{"loc":{"start":{"line":156,"column":2},"end":{"line":161,"column":3}},"type":"if","locations":[{"start":{"line":156,"column":2},"end":{"line":161,"column":3}},{"start":{"line":156,"column":2},"end":{"line":161,"column":3}}],"line":156},"19":{"loc":{"start":{"line":163,"column":2},"end":{"line":166,"column":3}},"type":"if","locations":[{"start":{"line":163,"column":2},"end":{"line":166,"column":3}},{"start":{"line":163,"column":2},"end":{"line":166,"column":3}}],"line":163}},"s":{"0":1,"1":1,"2":1,"3":1,"4":1,"5":1,"6":1,"7":1,"8":1,"9":1,"10":1,"11":1,"12":0,"13":0,"14":0,"15":0,"16":0,"17":0,"18":0,"19":0,"20":0,"21":0,"22":0,"23":0,"24":0,"25":0,"26":0,"27":0,"28":0,"29":0,"30":0,"31":0,"32":0,"33":0,"34":0,"35":0,"36":0,"37":0,"38":0,"39":0,"40":0,"41":0,"42":0,"43":0,"44":0,"45":0,"46":0,"47":0,"48":0,"49":0,"50":0,"51":0,"52":0,"53":0,"54":0,"55":0,"56":0,"57":0,"58":0,"59":1,"60":1,"61":0,"62":0,"63":1,"64":0,"65":1,"66":1,"67":1,"68":1,"69":1,"70":1,"71":1,"72":0,"73":0,"74":0,"75":0,"76":0,"77":0,"78":0,"79":0,"80":0,"81":0,"82":0,"83":0,"84":0,"85":0,"86":0,"87":0,"88":0,"89":0,"90":0,"91":0,"92":0,"93":0,"94":0,"95":0,"96":0,"97":0,"98":1,"99":0,"100":0,"101":1,"102":1,"103":1,"104":1,"105":1,"106":0,"107":0,"108":0,"109":0,"110":0,"111":0,"112":0,"113":0,"114":0,"115":0,"116":0},"f":{"0":0,"1":0,"2":0,"3":0,"4":1,"5":0,"6":0,"7":0,"8":0},"b":{"0":[1,1],"1":[0,1],"2":[0,0],"3":[0,0],"4":[0,0],"5":[0,0],"6":[0,0,0],"7":[0,0],"8":[0,0],"9":[0,1],"10":[1,1],"11":[0,1],"12":[0,1],"13":[0,0],"14":[0,0],"15":[0,0],"16":[0,1],"17":[1,0],"18":[0,0],"19":[0,0]},"_coverageSchema":"1a1c01bbd47fc00a2c39e90264f33305004495a9","hash":"6a29e0d403e2fb610d17e29d6017974a06c8e39b","contentHash":"d9d811aa03611532eefeb68be3899a39f5446f1196612a5218bb504f2ea46f97"},"/home/alban/github/data-fair/server/utils/db.js":{"path":"/home/alban/github/data-fair/server/utils/db.js","statementMap":{"0":{"start":{"line":1,"column":14},"end":{"line":1,"column":36}},"1":{"start":{"line":2,"column":15},"end":{"line":2,"column":32}},"2":{"start":{"line":3,"column":24},"end":{"line":3,"column":42}},"3":{"start":{"line":5,"column":0},"end":{"line":17,"column":1}},"4":{"start":{"line":6,"column":2},"end":{"line":16,"column":3}},"5":{"start":{"line":7,"column":4},"end":{"line":7,"column":61}},"6":{"start":{"line":9,"column":4},"end":{"line":9,"column":72}},"7":{"start":{"line":9,"column":63},"end":{"line":9,"column":72}},"8":{"start":{"line":13,"column":4},"end":{"line":13,"column":73}},"9":{"start":{"line":14,"column":4},"end":{"line":14,"column":59}},"10":{"start":{"line":15,"column":4},"end":{"line":15,"column":61}},"11":{"start":{"line":19,"column":0},"end":{"line":38,"column":1}},"12":{"start":{"line":21,"column":15},"end":{"line":26,"column":3}},"13":{"start":{"line":27,"column":2},"end":{"line":27,"column":51}},"14":{"start":{"line":28,"column":2},"end":{"line":35,"column":3}},"15":{"start":{"line":29,"column":4},"end":{"line":29,"column":61}},"16":{"start":{"line":33,"column":4},"end":{"line":33,"column":59}},"17":{"start":{"line":33,"column":33},"end":{"line":33,"column":58}},"18":{"start":{"line":34,"column":4},"end":{"line":34,"column":61}},"19":{"start":{"line":36,"column":13},"end":{"line":36,"column":24}},"20":{"start":{"line":37,"column":2},"end":{"line":37,"column":23}},"21":{"start":{"line":40,"column":0},"end":{"line":71,"column":1}},"22":{"start":{"line":41,"column":19},"end":{"line":69,"column":3}},"23":{"start":{"line":70,"column":2},"end":{"line":70,"column":29}}},"fnMap":{"0":{"name":"(anonymous_0)","decl":{"start":{"line":5,"column":22},"end":{"line":5,"column":23}},"loc":{"start":{"line":5,"column":67},"end":{"line":17,"column":1}},"line":5},"1":{"name":"(anonymous_1)","decl":{"start":{"line":19,"column":18},"end":{"line":19,"column":19}},"loc":{"start":{"line":19,"column":30},"end":{"line":38,"column":1}},"line":19},"2":{"name":"(anonymous_2)","decl":{"start":{"line":33,"column":22},"end":{"line":33,"column":23}},"loc":{"start":{"line":33,"column":33},"end":{"line":33,"column":58}},"line":33},"3":{"name":"(anonymous_3)","decl":{"start":{"line":40,"column":15},"end":{"line":40,"column":16}},"loc":{"start":{"line":40,"column":29},"end":{"line":71,"column":1}},"line":40}},"branchMap":{"0":{"loc":{"start":{"line":5,"column":50},"end":{"line":5,"column":62}},"type":"default-arg","locations":[{"start":{"line":5,"column":60},"end":{"line":5,"column":62}}],"line":5},"1":{"loc":{"start":{"line":9,"column":4},"end":{"line":9,"column":72}},"type":"if","locations":[{"start":{"line":9,"column":4},"end":{"line":9,"column":72}},{"start":{"line":9,"column":4},"end":{"line":9,"column":72}}],"line":9},"2":{"loc":{"start":{"line":9,"column":8},"end":{"line":9,"column":61}},"type":"binary-expr","locations":[{"start":{"line":9,"column":9},"end":{"line":9,"column":24}},{"start":{"line":9,"column":28},"end":{"line":9,"column":43}},{"start":{"line":9,"column":48},"end":{"line":9,"column":61}}],"line":9},"3":{"loc":{"start":{"line":25,"column":14},"end":{"line":25,"column":44}},"type":"cond-expr","locations":[{"start":{"line":25,"column":39},"end":{"line":25,"column":40}},{"start":{"line":25,"column":43},"end":{"line":25,"column":44}}],"line":25}},"s":{"0":1,"1":1,"2":1,"3":1,"4":19,"5":19,"6":0,"7":0,"8":0,"9":0,"10":0,"11":1,"12":1,"13":1,"14":1,"15":1,"16":0,"17":0,"18":0,"19":1,"20":1,"21":1,"22":1,"23":1},"f":{"0":19,"1":1,"2":0,"3":1},"b":{"0":[6],"1":[0,0],"2":[0,0,0],"3":[1,0]},"_coverageSchema":"1a1c01bbd47fc00a2c39e90264f33305004495a9","hash":"9761390773984641245a680a5db9b9b13c2b6cd4","contentHash":"fc3dfd4b5f012cedf5f8169cfc5af9e565eb261c3f440c028cc604bacf3bd562"},"/home/alban/github/data-fair/server/utils/es/index.js":{"path":"/home/alban/github/data-fair/server/utils/es/index.js","statementMap":{"0":{"start":{"line":1,"column":15},"end":{"line":1,"column":32}},"1":{"start":{"line":2,"column":22},"end":{"line":2,"column":46}},"2":{"start":{"line":4,"column":18},"end":{"line":4,"column":41}},"3":{"start":{"line":5,"column":0},"end":{"line":5,"column":44}},"4":{"start":{"line":6,"column":0},"end":{"line":6,"column":51}},"5":{"start":{"line":7,"column":0},"end":{"line":7,"column":36}},"6":{"start":{"line":8,"column":0},"end":{"line":8,"column":34}},"7":{"start":{"line":9,"column":0},"end":{"line":9,"column":43}},"8":{"start":{"line":10,"column":0},"end":{"line":10,"column":36}},"9":{"start":{"line":11,"column":0},"end":{"line":11,"column":43}},"10":{"start":{"line":12,"column":0},"end":{"line":12,"column":37}},"11":{"start":{"line":13,"column":0},"end":{"line":13,"column":39}},"12":{"start":{"line":14,"column":0},"end":{"line":14,"column":41}},"13":{"start":{"line":15,"column":0},"end":{"line":15,"column":30}},"14":{"start":{"line":16,"column":0},"end":{"line":16,"column":30}},"15":{"start":{"line":17,"column":0},"end":{"line":17,"column":47}},"16":{"start":{"line":18,"column":0},"end":{"line":40,"column":1}},"17":{"start":{"line":19,"column":17},"end":{"line":19,"column":78}},"18":{"start":{"line":20,"column":2},"end":{"line":20,"column":21}},"19":{"start":{"line":21,"column":2},"end":{"line":38,"column":4}},"20":{"start":{"line":39,"column":2},"end":{"line":39,"column":15}}},"fnMap":{"0":{"name":"(anonymous_0)","decl":{"start":{"line":18,"column":15},"end":{"line":18,"column":16}},"loc":{"start":{"line":18,"column":27},"end":{"line":40,"column":1}},"line":18}},"branchMap":{},"s":{"0":1,"1":1,"2":1,"3":1,"4":1,"5":1,"6":1,"7":1,"8":1,"9":1,"10":1,"11":1,"12":1,"13":1,"14":1,"15":1,"16":1,"17":1,"18":1,"19":1,"20":1},"f":{"0":1},"b":{},"_coverageSchema":"1a1c01bbd47fc00a2c39e90264f33305004495a9","hash":"318e6bf13c5e3655abd0c21d94a626a63577bd5f","contentHash":"7d194e8c4075b8628eb4b5316defc3253d80f9147ebedbe863a26ec9662d38ae"},"/home/alban/github/data-fair/server/utils/es/small-aggs.js":{"path":"/home/alban/github/data-fair/server/utils/es/small-aggs.js","statementMap":{"0":{"start":{"line":1,"column":20},"end":{"line":1,"column":42}},"1":{"start":{"line":2,"column":36},"end":{"line":2,"column":59}},"2":{"start":{"line":4,"column":0},"end":{"line":16,"column":1}},"3":{"start":{"line":5,"column":16},"end":{"line":5,"column":60}},"4":{"start":{"line":5,"column":41},"end":{"line":5,"column":59}},"5":{"start":{"line":6,"column":2},"end":{"line":6,"column":70}},"6":{"start":{"line":6,"column":14},"end":{"line":6,"column":70}},"7":{"start":{"line":7,"column":18},"end":{"line":7,"column":46}},"8":{"start":{"line":8,"column":2},"end":{"line":8,"column":18}},"9":{"start":{"line":9,"column":2},"end":{"line":13,"column":3}},"10":{"start":{"line":14,"column":21},"end":{"line":14,"column":86}},"11":{"start":{"line":15,"column":2},"end":{"line":15,"column":42}},"12":{"start":{"line":18,"column":0},"end":{"line":30,"column":1}},"13":{"start":{"line":19,"column":16},"end":{"line":19,"column":60}},"14":{"start":{"line":19,"column":41},"end":{"line":19,"column":59}},"15":{"start":{"line":20,"column":2},"end":{"line":20,"column":70}},"16":{"start":{"line":20,"column":14},"end":{"line":20,"column":70}},"17":{"start":{"line":21,"column":18},"end":{"line":21,"column":46}},"18":{"start":{"line":22,"column":2},"end":{"line":22,"column":18}},"19":{"start":{"line":23,"column":2},"end":{"line":27,"column":3}},"20":{"start":{"line":28,"column":21},"end":{"line":28,"column":86}},"21":{"start":{"line":29,"column":2},"end":{"line":29,"column":42}}},"fnMap":{"0":{"name":"(anonymous_0)","decl":{"start":{"line":4,"column":14},"end":{"line":4,"column":15}},"loc":{"start":{"line":4,"column":58},"end":{"line":16,"column":1}},"line":4},"1":{"name":"(anonymous_1)","decl":{"start":{"line":5,"column":36},"end":{"line":5,"column":37}},"loc":{"start":{"line":5,"column":41},"end":{"line":5,"column":59}},"line":5},"2":{"name":"(anonymous_2)","decl":{"start":{"line":18,"column":14},"end":{"line":18,"column":15}},"loc":{"start":{"line":18,"column":58},"end":{"line":30,"column":1}},"line":18},"3":{"name":"(anonymous_3)","decl":{"start":{"line":19,"column":36},"end":{"line":19,"column":37}},"loc":{"start":{"line":19,"column":41},"end":{"line":19,"column":59}},"line":19}},"branchMap":{"0":{"loc":{"start":{"line":6,"column":2},"end":{"line":6,"column":70}},"type":"if","locations":[{"start":{"line":6,"column":2},"end":{"line":6,"column":70}},{"start":{"line":6,"column":2},"end":{"line":6,"column":70}}],"line":6},"1":{"loc":{"start":{"line":20,"column":2},"end":{"line":20,"column":70}},"type":"if","locations":[{"start":{"line":20,"column":2},"end":{"line":20,"column":70}},{"start":{"line":20,"column":2},"end":{"line":20,"column":70}}],"line":20}},"s":{"0":1,"1":1,"2":1,"3":0,"4":0,"5":0,"6":0,"7":0,"8":0,"9":0,"10":0,"11":0,"12":1,"13":0,"14":0,"15":0,"16":0,"17":0,"18":0,"19":0,"20":0,"21":0},"f":{"0":0,"1":0,"2":0,"3":0},"b":{"0":[0,0],"1":[0,0]},"_coverageSchema":"1a1c01bbd47fc00a2c39e90264f33305004495a9","hash":"988d33161354ae7611ccaf6389eaf4db83272b4d","contentHash":"0b990201671bbbcf385d8987150ab3bd2f14aae26d8fc7998d3ab3e0e929d75b"},"/home/alban/github/data-fair/server/utils/es/commons.js":{"path":"/home/alban/github/data-fair/server/utils/es/commons.js","statementMap":{"0":{"start":{"line":3,"column":15},"end":{"line":3,"column":32}},"1":{"start":{"line":4,"column":20},"end":{"line":4,"column":42}},"2":{"start":{"line":5,"column":16},"end":{"line":5,"column":31}},"3":{"start":{"line":6,"column":20},"end":{"line":6,"column":50}},"4":{"start":{"line":7,"column":21},"end":{"line":7,"column":45}},"5":{"start":{"line":8,"column":16},"end":{"line":8,"column":37}},"6":{"start":{"line":9,"column":14},"end":{"line":9,"column":33}},"7":{"start":{"line":10,"column":12},"end":{"line":10,"column":29}},"8":{"start":{"line":11,"column":20},"end":{"line":11,"column":45}},"9":{"start":{"line":12,"column":20},"end":{"line":12,"column":42}},"10":{"start":{"line":13,"column":26},"end":{"line":13,"column":64}},"11":{"start":{"line":16,"column":0},"end":{"line":42,"column":1}},"12":{"start":{"line":18,"column":25},"end":{"line":18,"column":116}},"13":{"start":{"line":19,"column":15},"end":{"line":19,"column":17}},"14":{"start":{"line":20,"column":2},"end":{"line":20,"column":57}},"15":{"start":{"line":20,"column":30},"end":{"line":20,"column":57}},"16":{"start":{"line":21,"column":2},"end":{"line":21,"column":80}},"17":{"start":{"line":21,"column":31},"end":{"line":21,"column":80}},"18":{"start":{"line":22,"column":2},"end":{"line":22,"column":81}},"19":{"start":{"line":22,"column":30},"end":{"line":22,"column":81}},"20":{"start":{"line":23,"column":2},"end":{"line":23,"column":83}},"21":{"start":{"line":23,"column":31},"end":{"line":23,"column":83}},"22":{"start":{"line":24,"column":2},"end":{"line":24,"column":110}},"23":{"start":{"line":24,"column":61},"end":{"line":24,"column":110}},"24":{"start":{"line":25,"column":2},"end":{"line":25,"column":105}},"25":{"start":{"line":25,"column":56},"end":{"line":25,"column":105}},"26":{"start":{"line":27,"column":2},"end":{"line":27,"column":154}},"27":{"start":{"line":27,"column":83},"end":{"line":27,"column":154}},"28":{"start":{"line":29,"column":2},"end":{"line":33,"column":3}},"29":{"start":{"line":31,"column":4},"end":{"line":32,"column":31}},"30":{"start":{"line":31,"column":32},"end":{"line":31,"column":52}},"31":{"start":{"line":32,"column":9},"end":{"line":32,"column":31}},"32":{"start":{"line":35,"column":2},"end":{"line":35,"column":62}},"33":{"start":{"line":35,"column":32},"end":{"line":35,"column":62}},"34":{"start":{"line":36,"column":2},"end":{"line":36,"column":62}},"35":{"start":{"line":36,"column":32},"end":{"line":36,"column":62}},"36":{"start":{"line":37,"column":2},"end":{"line":37,"column":64}},"37":{"start":{"line":37,"column":34},"end":{"line":37,"column":64}},"38":{"start":{"line":38,"column":2},"end":{"line":38,"column":50}},"39":{"start":{"line":38,"column":25},"end":{"line":38,"column":50}},"40":{"start":{"line":39,"column":2},"end":{"line":39,"column":56}},"41":{"start":{"line":39,"column":28},"end":{"line":39,"column":56}},"42":{"start":{"line":40,"column":2},"end":{"line":40,"column":37}},"43":{"start":{"line":40,"column":26},"end":{"line":40,"column":37}},"44":{"start":{"line":41,"column":2},"end":{"line":41,"column":15}},"45":{"start":{"line":44,"column":0},"end":{"line":47,"column":1}},"46":{"start":{"line":45,"column":14},"end":{"line":45,"column":68}},"47":{"start":{"line":46,"column":2},"end":{"line":46,"column":65}},"48":{"start":{"line":46,"column":23},"end":{"line":46,"column":54}},"49":{"start":{"line":49,"column":0},"end":{"line":65,"column":1}},"50":{"start":{"line":50,"column":2},"end":{"line":50,"column":25}},"51":{"start":{"line":50,"column":16},"end":{"line":50,"column":25}},"52":{"start":{"line":51,"column":2},"end":{"line":64,"column":4}},"53":{"start":{"line":53,"column":4},"end":{"line":59,"column":5}},"54":{"start":{"line":54,"column":6},"end":{"line":54,"column":24}},"55":{"start":{"line":55,"column":6},"end":{"line":55,"column":24}},"56":{"start":{"line":57,"column":6},"end":{"line":57,"column":15}},"57":{"start":{"line":58,"column":6},"end":{"line":58,"column":23}},"58":{"start":{"line":60,"column":4},"end":{"line":62,"column":5}},"59":{"start":{"line":61,"column":6},"end":{"line":61,"column":114}},"60":{"start":{"line":63,"column":4},"end":{"line":63,"column":33}},"61":{"start":{"line":70,"column":2},"end":{"line":70,"column":91}},"62":{"start":{"line":70,"column":55},"end":{"line":70,"column":66}},"63":{"start":{"line":71,"column":2},"end":{"line":77,"column":3}},"64":{"start":{"line":72,"column":4},"end":{"line":74,"column":5}},"65":{"start":{"line":73,"column":6},"end":{"line":73,"column":133}},"66":{"start":{"line":75,"column":9},"end":{"line":77,"column":3}},"67":{"start":{"line":76,"column":4},"end":{"line":76,"column":132}},"68":{"start":{"line":78,"column":2},"end":{"line":78,"column":58}},"69":{"start":{"line":78,"column":18},"end":{"line":78,"column":58}},"70":{"start":{"line":79,"column":2},"end":{"line":79,"column":60}},"71":{"start":{"line":79,"column":19},"end":{"line":79,"column":60}},"72":{"start":{"line":82,"column":0},"end":{"line":194,"column":1}},"73":{"start":{"line":83,"column":18},"end":{"line":83,"column":20}},"74":{"start":{"line":87,"column":2},"end":{"line":87,"column":33}},"75":{"start":{"line":90,"column":2},"end":{"line":90,"column":53}},"76":{"start":{"line":91,"column":2},"end":{"line":91,"column":86}},"77":{"start":{"line":91,"column":28},"end":{"line":91,"column":86}},"78":{"start":{"line":92,"column":2},"end":{"line":92,"column":73}},"79":{"start":{"line":95,"column":17},"end":{"line":95,"column":47}},"80":{"start":{"line":95,"column":41},"end":{"line":95,"column":46}},"81":{"start":{"line":96,"column":2},"end":{"line":96,"column":93}},"82":{"start":{"line":97,"column":23},"end":{"line":97,"column":69}},"83":{"start":{"line":97,"column":49},"end":{"line":97,"column":68}},"84":{"start":{"line":98,"column":2},"end":{"line":98,"column":138}},"85":{"start":{"line":98,"column":20},"end":{"line":98,"column":138}},"86":{"start":{"line":101,"column":2},"end":{"line":106,"column":3}},"87":{"start":{"line":102,"column":23},"end":{"line":102,"column":94}},"88":{"start":{"line":102,"column":48},"end":{"line":102,"column":93}},"89":{"start":{"line":103,"column":4},"end":{"line":105,"column":5}},"90":{"start":{"line":104,"column":6},"end":{"line":104,"column":42}},"91":{"start":{"line":109,"column":2},"end":{"line":109,"column":54}},"92":{"start":{"line":111,"column":2},"end":{"line":111,"column":29}},"93":{"start":{"line":113,"column":2},"end":{"line":113,"column":28}},"94":{"start":{"line":117,"column":2},"end":{"line":123,"column":3}},"95":{"start":{"line":118,"column":4},"end":{"line":118,"column":140}},"96":{"start":{"line":119,"column":4},"end":{"line":122,"column":6}},"97":{"start":{"line":120,"column":6},"end":{"line":120,"column":157}},"98":{"start":{"line":120,"column":33},"end":{"line":120,"column":157}},"99":{"start":{"line":121,"column":6},"end":{"line":121,"column":50}},"100":{"start":{"line":125,"column":17},"end":{"line":125,"column":19}},"101":{"start":{"line":126,"column":15},"end":{"line":126,"column":17}},"102":{"start":{"line":129,"column":2},"end":{"line":134,"column":3}},"103":{"start":{"line":130,"column":4},"end":{"line":133,"column":6}},"104":{"start":{"line":130,"column":40},"end":{"line":130,"column":67}},"105":{"start":{"line":131,"column":6},"end":{"line":132,"column":56}},"106":{"start":{"line":131,"column":33},"end":{"line":131,"column":80}},"107":{"start":{"line":132,"column":11},"end":{"line":132,"column":56}},"108":{"start":{"line":138,"column":23},"end":{"line":138,"column":25}},"109":{"start":{"line":139,"column":2},"end":{"line":148,"column":4}},"110":{"start":{"line":140,"column":4},"end":{"line":143,"column":5}},"111":{"start":{"line":141,"column":6},"end":{"line":141,"column":30}},"112":{"start":{"line":142,"column":6},"end":{"line":142,"column":12}},"113":{"start":{"line":144,"column":19},"end":{"line":144,"column":40}},"114":{"start":{"line":145,"column":4},"end":{"line":145,"column":66}},"115":{"start":{"line":145,"column":60},"end":{"line":145,"column":66}},"116":{"start":{"line":146,"column":4},"end":{"line":146,"column":59}},"117":{"start":{"line":146,"column":35},"end":{"line":146,"column":59}},"118":{"start":{"line":147,"column":4},"end":{"line":147,"column":79}},"119":{"start":{"line":147,"column":45},"end":{"line":147,"column":79}},"120":{"start":{"line":149,"column":2},"end":{"line":152,"column":3}},"121":{"start":{"line":150,"column":4},"end":{"line":150,"column":51}},"122":{"start":{"line":151,"column":4},"end":{"line":151,"column":74}},"123":{"start":{"line":153,"column":2},"end":{"line":155,"column":3}},"124":{"start":{"line":154,"column":4},"end":{"line":154,"column":80}},"125":{"start":{"line":156,"column":2},"end":{"line":169,"column":6}},"126":{"start":{"line":157,"column":17},"end":{"line":157,"column":34}},"127":{"start":{"line":158,"column":17},"end":{"line":161,"column":5}},"128":{"start":{"line":163,"column":6},"end":{"line":163,"column":171}},"129":{"start":{"line":163,"column":42},"end":{"line":163,"column":171}},"130":{"start":{"line":164,"column":6},"end":{"line":168,"column":8}},"131":{"start":{"line":172,"column":2},"end":{"line":189,"column":3}},"132":{"start":{"line":173,"column":4},"end":{"line":173,"column":118}},"133":{"start":{"line":173,"column":23},"end":{"line":173,"column":118}},"134":{"start":{"line":174,"column":17},"end":{"line":174,"column":53}},"135":{"start":{"line":175,"column":26},"end":{"line":175,"column":90}},"136":{"start":{"line":178,"column":4},"end":{"line":188,"column":6}},"137":{"start":{"line":191,"column":2},"end":{"line":191,"column":44}},"138":{"start":{"line":193,"column":2},"end":{"line":193,"column":16}},"139":{"start":{"line":196,"column":0},"end":{"line":207,"column":1}},"140":{"start":{"line":198,"column":2},"end":{"line":202,"column":3}},"141":{"start":{"line":199,"column":4},"end":{"line":199,"column":44}},"142":{"start":{"line":200,"column":9},"end":{"line":202,"column":3}},"143":{"start":{"line":201,"column":4},"end":{"line":201,"column":62}},"144":{"start":{"line":204,"column":2},"end":{"line":204,"column":31}},"145":{"start":{"line":205,"column":2},"end":{"line":205,"column":31}},"146":{"start":{"line":206,"column":2},"end":{"line":206,"column":13}},"147":{"start":{"line":209,"column":0},"end":{"line":245,"column":1}},"148":{"start":{"line":211,"column":2},"end":{"line":213,"column":4}},"149":{"start":{"line":211,"column":33},"end":{"line":211,"column":115}},"150":{"start":{"line":212,"column":4},"end":{"line":212,"column":73}},"151":{"start":{"line":215,"column":14},"end":{"line":215,"column":34}},"152":{"start":{"line":216,"column":2},"end":{"line":216,"column":25}},"153":{"start":{"line":217,"column":2},"end":{"line":221,"column":3}},"154":{"start":{"line":217,"column":31},"end":{"line":217,"column":46}},"155":{"start":{"line":218,"column":4},"end":{"line":220,"column":5}},"156":{"start":{"line":219,"column":6},"end":{"line":219,"column":23}},"157":{"start":{"line":222,"column":2},"end":{"line":229,"column":3}},"158":{"start":{"line":224,"column":4},"end":{"line":228,"column":12}},"159":{"start":{"line":226,"column":8},"end":{"line":226,"column":70}},"160":{"start":{"line":227,"column":8},"end":{"line":227,"column":16}},"161":{"start":{"line":230,"column":2},"end":{"line":237,"column":3}},"162":{"start":{"line":231,"column":23},"end":{"line":231,"column":94}},"163":{"start":{"line":231,"column":48},"end":{"line":231,"column":93}},"164":{"start":{"line":232,"column":4},"end":{"line":232,"column":149}},"165":{"start":{"line":232,"column":21},"end":{"line":232,"column":149}},"166":{"start":{"line":233,"column":4},"end":{"line":236,"column":5}},"167":{"start":{"line":234,"column":28},"end":{"line":234,"column":107}},"168":{"start":{"line":235,"column":6},"end":{"line":235,"column":116}},"169":{"start":{"line":239,"column":27},"end":{"line":239,"column":104}},"170":{"start":{"line":239,"column":52},"end":{"line":239,"column":103}},"171":{"start":{"line":240,"column":2},"end":{"line":242,"column":3}},"172":{"start":{"line":241,"column":4},"end":{"line":241,"column":71}},"173":{"start":{"line":244,"column":2},"end":{"line":244,"column":12}}},"fnMap":{"0":{"name":"(anonymous_0)","decl":{"start":{"line":16,"column":21},"end":{"line":16,"column":22}},"loc":{"start":{"line":16,"column":29},"end":{"line":42,"column":1}},"line":16},"1":{"name":"(anonymous_1)","decl":{"start":{"line":44,"column":20},"end":{"line":44,"column":21}},"loc":{"start":{"line":44,"column":31},"end":{"line":47,"column":1}},"line":44},"2":{"name":"(anonymous_2)","decl":{"start":{"line":46,"column":17},"end":{"line":46,"column":18}},"loc":{"start":{"line":46,"column":23},"end":{"line":46,"column":54}},"line":46},"3":{"name":"(anonymous_3)","decl":{"start":{"line":49,"column":20},"end":{"line":49,"column":21}},"loc":{"start":{"line":49,"column":41},"end":{"line":65,"column":1}},"line":49},"4":{"name":"(anonymous_4)","decl":{"start":{"line":51,"column":32},"end":{"line":51,"column":33}},"loc":{"start":{"line":51,"column":37},"end":{"line":64,"column":3}},"line":51},"5":{"name":"checkQuery","decl":{"start":{"line":69,"column":9},"end":{"line":69,"column":19}},"loc":{"start":{"line":69,"column":45},"end":{"line":80,"column":1}},"line":69},"6":{"name":"(anonymous_6)","decl":{"start":{"line":70,"column":50},"end":{"line":70,"column":51}},"loc":{"start":{"line":70,"column":55},"end":{"line":70,"column":66}},"line":70},"7":{"name":"(anonymous_7)","decl":{"start":{"line":82,"column":23},"end":{"line":82,"column":24}},"loc":{"start":{"line":82,"column":43},"end":{"line":194,"column":1}},"line":82},"8":{"name":"(anonymous_8)","decl":{"start":{"line":95,"column":36},"end":{"line":95,"column":37}},"loc":{"start":{"line":95,"column":41},"end":{"line":95,"column":46}},"line":95},"9":{"name":"(anonymous_9)","decl":{"start":{"line":97,"column":44},"end":{"line":97,"column":45}},"loc":{"start":{"line":97,"column":49},"end":{"line":97,"column":68}},"line":97},"10":{"name":"(anonymous_10)","decl":{"start":{"line":102,"column":43},"end":{"line":102,"column":44}},"loc":{"start":{"line":102,"column":48},"end":{"line":102,"column":93}},"line":102},"11":{"name":"(anonymous_11)","decl":{"start":{"line":119,"column":39},"end":{"line":119,"column":40}},"loc":{"start":{"line":119,"column":46},"end":{"line":122,"column":5}},"line":119},"12":{"name":"(anonymous_12)","decl":{"start":{"line":130,"column":35},"end":{"line":130,"column":36}},"loc":{"start":{"line":130,"column":40},"end":{"line":130,"column":67}},"line":130},"13":{"name":"(anonymous_13)","decl":{"start":{"line":130,"column":77},"end":{"line":130,"column":78}},"loc":{"start":{"line":130,"column":82},"end":{"line":133,"column":5}},"line":130},"14":{"name":"(anonymous_14)","decl":{"start":{"line":139,"column":25},"end":{"line":139,"column":26}},"loc":{"start":{"line":139,"column":30},"end":{"line":148,"column":3}},"line":139},"15":{"name":"(anonymous_15)","decl":{"start":{"line":157,"column":12},"end":{"line":157,"column":13}},"loc":{"start":{"line":157,"column":17},"end":{"line":157,"column":34}},"line":157},"16":{"name":"(anonymous_16)","decl":{"start":{"line":158,"column":9},"end":{"line":158,"column":10}},"loc":{"start":{"line":158,"column":17},"end":{"line":161,"column":5}},"line":158},"17":{"name":"(anonymous_17)","decl":{"start":{"line":162,"column":13},"end":{"line":162,"column":14}},"loc":{"start":{"line":162,"column":25},"end":{"line":169,"column":5}},"line":162},"18":{"name":"(anonymous_18)","decl":{"start":{"line":196,"column":23},"end":{"line":196,"column":24}},"loc":{"start":{"line":196,"column":34},"end":{"line":207,"column":1}},"line":196},"19":{"name":"(anonymous_19)","decl":{"start":{"line":209,"column":28},"end":{"line":209,"column":29}},"loc":{"start":{"line":209,"column":53},"end":{"line":245,"column":1}},"line":209},"20":{"name":"(anonymous_20)","decl":{"start":{"line":211,"column":24},"end":{"line":211,"column":25}},"loc":{"start":{"line":211,"column":33},"end":{"line":211,"column":115}},"line":211},"21":{"name":"(anonymous_21)","decl":{"start":{"line":211,"column":125},"end":{"line":211,"column":126}},"loc":{"start":{"line":211,"column":134},"end":{"line":213,"column":3}},"line":211},"22":{"name":"(anonymous_22)","decl":{"start":{"line":217,"column":26},"end":{"line":217,"column":27}},"loc":{"start":{"line":217,"column":31},"end":{"line":217,"column":46}},"line":217},"23":{"name":"(anonymous_23)","decl":{"start":{"line":225,"column":14},"end":{"line":225,"column":15}},"loc":{"start":{"line":225,"column":26},"end":{"line":228,"column":7}},"line":225},"24":{"name":"(anonymous_24)","decl":{"start":{"line":231,"column":43},"end":{"line":231,"column":44}},"loc":{"start":{"line":231,"column":48},"end":{"line":231,"column":93}},"line":231},"25":{"name":"(anonymous_25)","decl":{"start":{"line":239,"column":47},"end":{"line":239,"column":48}},"loc":{"start":{"line":239,"column":52},"end":{"line":239,"column":103}},"line":239}},"branchMap":{"0":{"loc":{"start":{"line":20,"column":2},"end":{"line":20,"column":57}},"type":"if","locations":[{"start":{"line":20,"column":2},"end":{"line":20,"column":57}},{"start":{"line":20,"column":2},"end":{"line":20,"column":57}}],"line":20},"1":{"loc":{"start":{"line":21,"column":2},"end":{"line":21,"column":80}},"type":"if","locations":[{"start":{"line":21,"column":2},"end":{"line":21,"column":80}},{"start":{"line":21,"column":2},"end":{"line":21,"column":80}}],"line":21},"2":{"loc":{"start":{"line":22,"column":2},"end":{"line":22,"column":81}},"type":"if","locations":[{"start":{"line":22,"column":2},"end":{"line":22,"column":81}},{"start":{"line":22,"column":2},"end":{"line":22,"column":81}}],"line":22},"3":{"loc":{"start":{"line":23,"column":2},"end":{"line":23,"column":83}},"type":"if","locations":[{"start":{"line":23,"column":2},"end":{"line":23,"column":83}},{"start":{"line":23,"column":2},"end":{"line":23,"column":83}}],"line":23},"4":{"loc":{"start":{"line":24,"column":2},"end":{"line":24,"column":110}},"type":"if","locations":[{"start":{"line":24,"column":2},"end":{"line":24,"column":110}},{"start":{"line":24,"column":2},"end":{"line":24,"column":110}}],"line":24},"5":{"loc":{"start":{"line":24,"column":6},"end":{"line":24,"column":59}},"type":"binary-expr","locations":[{"start":{"line":24,"column":6},"end":{"line":24,"column":28}},{"start":{"line":24,"column":32},"end":{"line":24,"column":59}}],"line":24},"6":{"loc":{"start":{"line":25,"column":2},"end":{"line":25,"column":105}},"type":"if","locations":[{"start":{"line":25,"column":2},"end":{"line":25,"column":105}},{"start":{"line":25,"column":2},"end":{"line":25,"column":105}}],"line":25},"7":{"loc":{"start":{"line":25,"column":6},"end":{"line":25,"column":54}},"type":"binary-expr","locations":[{"start":{"line":25,"column":6},"end":{"line":25,"column":28}},{"start":{"line":25,"column":32},"end":{"line":25,"column":54}}],"line":25},"8":{"loc":{"start":{"line":27,"column":2},"end":{"line":27,"column":154}},"type":"if","locations":[{"start":{"line":27,"column":2},"end":{"line":27,"column":154}},{"start":{"line":27,"column":2},"end":{"line":27,"column":154}}],"line":27},"9":{"loc":{"start":{"line":27,"column":6},"end":{"line":27,"column":81}},"type":"binary-expr","locations":[{"start":{"line":27,"column":6},"end":{"line":27,"column":28}},{"start":{"line":27,"column":33},"end":{"line":27,"column":64}},{"start":{"line":27,"column":68},"end":{"line":27,"column":80}}],"line":27},"10":{"loc":{"start":{"line":29,"column":2},"end":{"line":33,"column":3}},"type":"if","locations":[{"start":{"line":29,"column":2},"end":{"line":33,"column":3}},{"start":{"line":29,"column":2},"end":{"line":33,"column":3}}],"line":29},"11":{"loc":{"start":{"line":31,"column":4},"end":{"line":32,"column":31}},"type":"if","locations":[{"start":{"line":31,"column":4},"end":{"line":32,"column":31}},{"start":{"line":31,"column":4},"end":{"line":32,"column":31}}],"line":31},"12":{"loc":{"start":{"line":35,"column":2},"end":{"line":35,"column":62}},"type":"if","locations":[{"start":{"line":35,"column":2},"end":{"line":35,"column":62}},{"start":{"line":35,"column":2},"end":{"line":35,"column":62}}],"line":35},"13":{"loc":{"start":{"line":36,"column":2},"end":{"line":36,"column":62}},"type":"if","locations":[{"start":{"line":36,"column":2},"end":{"line":36,"column":62}},{"start":{"line":36,"column":2},"end":{"line":36,"column":62}}],"line":36},"14":{"loc":{"start":{"line":37,"column":2},"end":{"line":37,"column":64}},"type":"if","locations":[{"start":{"line":37,"column":2},"end":{"line":37,"column":64}},{"start":{"line":37,"column":2},"end":{"line":37,"column":64}}],"line":37},"15":{"loc":{"start":{"line":38,"column":2},"end":{"line":38,"column":50}},"type":"if","locations":[{"start":{"line":38,"column":2},"end":{"line":38,"column":50}},{"start":{"line":38,"column":2},"end":{"line":38,"column":50}}],"line":38},"16":{"loc":{"start":{"line":39,"column":2},"end":{"line":39,"column":56}},"type":"if","locations":[{"start":{"line":39,"column":2},"end":{"line":39,"column":56}},{"start":{"line":39,"column":2},"end":{"line":39,"column":56}}],"line":39},"17":{"loc":{"start":{"line":40,"column":2},"end":{"line":40,"column":37}},"type":"if","locations":[{"start":{"line":40,"column":2},"end":{"line":40,"column":37}},{"start":{"line":40,"column":2},"end":{"line":40,"column":37}}],"line":40},"18":{"loc":{"start":{"line":45,"column":14},"end":{"line":45,"column":68}},"type":"cond-expr","locations":[{"start":{"line":45,"column":34},"end":{"line":45,"column":53}},{"start":{"line":45,"column":56},"end":{"line":45,"column":68}}],"line":45},"19":{"loc":{"start":{"line":50,"column":2},"end":{"line":50,"column":25}},"type":"if","locations":[{"start":{"line":50,"column":2},"end":{"line":50,"column":25}},{"start":{"line":50,"column":2},"end":{"line":50,"column":25}}],"line":50},"20":{"loc":{"start":{"line":53,"column":4},"end":{"line":59,"column":5}},"type":"if","locations":[{"start":{"line":53,"column":4},"end":{"line":59,"column":5}},{"start":{"line":53,"column":4},"end":{"line":59,"column":5}}],"line":53},"21":{"loc":{"start":{"line":60,"column":4},"end":{"line":62,"column":5}},"type":"if","locations":[{"start":{"line":60,"column":4},"end":{"line":62,"column":5}},{"start":{"line":60,"column":4},"end":{"line":62,"column":5}}],"line":60},"22":{"loc":{"start":{"line":70,"column":13},"end":{"line":70,"column":91}},"type":"binary-expr","locations":[{"start":{"line":70,"column":13},"end":{"line":70,"column":21}},{"start":{"line":70,"column":25},"end":{"line":70,"column":91}}],"line":70},"23":{"loc":{"start":{"line":71,"column":2},"end":{"line":77,"column":3}},"type":"if","locations":[{"start":{"line":71,"column":2},"end":{"line":77,"column":3}},{"start":{"line":71,"column":2},"end":{"line":77,"column":3}}],"line":71},"24":{"loc":{"start":{"line":72,"column":4},"end":{"line":74,"column":5}},"type":"if","locations":[{"start":{"line":72,"column":4},"end":{"line":74,"column":5}},{"start":{"line":72,"column":4},"end":{"line":74,"column":5}}],"line":72},"25":{"loc":{"start":{"line":75,"column":9},"end":{"line":77,"column":3}},"type":"if","locations":[{"start":{"line":75,"column":9},"end":{"line":77,"column":3}},{"start":{"line":75,"column":9},"end":{"line":77,"column":3}}],"line":75},"26":{"loc":{"start":{"line":75,"column":13},"end":{"line":75,"column":59}},"type":"binary-expr","locations":[{"start":{"line":75,"column":13},"end":{"line":75,"column":24}},{"start":{"line":75,"column":28},"end":{"line":75,"column":59}}],"line":75},"27":{"loc":{"start":{"line":78,"column":2},"end":{"line":78,"column":58}},"type":"if","locations":[{"start":{"line":78,"column":2},"end":{"line":78,"column":58}},{"start":{"line":78,"column":2},"end":{"line":78,"column":58}}],"line":78},"28":{"loc":{"start":{"line":79,"column":2},"end":{"line":79,"column":60}},"type":"if","locations":[{"start":{"line":79,"column":2},"end":{"line":79,"column":60}},{"start":{"line":79,"column":2},"end":{"line":79,"column":60}}],"line":79},"29":{"loc":{"start":{"line":90,"column":17},"end":{"line":90,"column":53}},"type":"cond-expr","locations":[{"start":{"line":90,"column":30},"end":{"line":90,"column":48}},{"start":{"line":90,"column":51},"end":{"line":90,"column":53}}],"line":90},"30":{"loc":{"start":{"line":91,"column":2},"end":{"line":91,"column":86}},"type":"if","locations":[{"start":{"line":91,"column":2},"end":{"line":91,"column":86}},{"start":{"line":91,"column":2},"end":{"line":91,"column":86}}],"line":91},"31":{"loc":{"start":{"line":92,"column":18},"end":{"line":92,"column":57}},"type":"cond-expr","locations":[{"start":{"line":92,"column":31},"end":{"line":92,"column":53}},{"start":{"line":92,"column":56},"end":{"line":92,"column":57}}],"line":92},"32":{"loc":{"start":{"line":96,"column":20},"end":{"line":96,"column":93}},"type":"cond-expr","locations":[{"start":{"line":96,"column":61},"end":{"line":96,"column":84}},{"start":{"line":96,"column":87},"end":{"line":96,"column":93}}],"line":96},"33":{"loc":{"start":{"line":96,"column":21},"end":{"line":96,"column":57}},"type":"binary-expr","locations":[{"start":{"line":96,"column":21},"end":{"line":96,"column":33}},{"start":{"line":96,"column":37},"end":{"line":96,"column":57}}],"line":96},"34":{"loc":{"start":{"line":98,"column":2},"end":{"line":98,"column":138}},"type":"if","locations":[{"start":{"line":98,"column":2},"end":{"line":98,"column":138}},{"start":{"line":98,"column":2},"end":{"line":98,"column":138}}],"line":98},"35":{"loc":{"start":{"line":101,"column":2},"end":{"line":106,"column":3}},"type":"if","locations":[{"start":{"line":101,"column":2},"end":{"line":106,"column":3}},{"start":{"line":101,"column":2},"end":{"line":106,"column":3}}],"line":101},"36":{"loc":{"start":{"line":103,"column":4},"end":{"line":105,"column":5}},"type":"if","locations":[{"start":{"line":103,"column":4},"end":{"line":105,"column":5}},{"start":{"line":103,"column":4},"end":{"line":105,"column":5}}],"line":103},"37":{"loc":{"start":{"line":103,"column":8},"end":{"line":103,"column":79}},"type":"binary-expr","locations":[{"start":{"line":103,"column":8},"end":{"line":103,"column":18}},{"start":{"line":103,"column":22},"end":{"line":103,"column":34}},{"start":{"line":103,"column":38},"end":{"line":103,"column":79}}],"line":103},"38":{"loc":{"start":{"line":117,"column":2},"end":{"line":123,"column":3}},"type":"if","locations":[{"start":{"line":117,"column":2},"end":{"line":123,"column":3}},{"start":{"line":117,"column":2},"end":{"line":123,"column":3}}],"line":117},"39":{"loc":{"start":{"line":120,"column":6},"end":{"line":120,"column":157}},"type":"if","locations":[{"start":{"line":120,"column":6},"end":{"line":120,"column":157}},{"start":{"line":120,"column":6},"end":{"line":120,"column":157}}],"line":120},"40":{"loc":{"start":{"line":129,"column":2},"end":{"line":134,"column":3}},"type":"if","locations":[{"start":{"line":129,"column":2},"end":{"line":134,"column":3}},{"start":{"line":129,"column":2},"end":{"line":134,"column":3}}],"line":129},"41":{"loc":{"start":{"line":129,"column":6},"end":{"line":129,"column":48}},"type":"binary-expr","locations":[{"start":{"line":129,"column":6},"end":{"line":129,"column":21}},{"start":{"line":129,"column":25},"end":{"line":129,"column":48}}],"line":129},"42":{"loc":{"start":{"line":130,"column":40},"end":{"line":130,"column":67}},"type":"binary-expr","locations":[{"start":{"line":130,"column":40},"end":{"line":130,"column":48}},{"start":{"line":130,"column":52},"end":{"line":130,"column":67}}],"line":130},"43":{"loc":{"start":{"line":131,"column":6},"end":{"line":132,"column":56}},"type":"if","locations":[{"start":{"line":131,"column":6},"end":{"line":132,"column":56}},{"start":{"line":131,"column":6},"end":{"line":132,"column":56}}],"line":131},"44":{"loc":{"start":{"line":140,"column":4},"end":{"line":143,"column":5}},"type":"if","locations":[{"start":{"line":140,"column":4},"end":{"line":143,"column":5}},{"start":{"line":140,"column":4},"end":{"line":143,"column":5}}],"line":140},"45":{"loc":{"start":{"line":145,"column":4},"end":{"line":145,"column":66}},"type":"if","locations":[{"start":{"line":145,"column":4},"end":{"line":145,"column":66}},{"start":{"line":145,"column":4},"end":{"line":145,"column":66}}],"line":145},"46":{"loc":{"start":{"line":145,"column":8},"end":{"line":145,"column":58}},"type":"binary-expr","locations":[{"start":{"line":145,"column":8},"end":{"line":145,"column":30}},{"start":{"line":145,"column":34},"end":{"line":145,"column":58}}],"line":145},"47":{"loc":{"start":{"line":146,"column":4},"end":{"line":146,"column":59}},"type":"if","locations":[{"start":{"line":146,"column":4},"end":{"line":146,"column":59}},{"start":{"line":146,"column":4},"end":{"line":146,"column":59}}],"line":146},"48":{"loc":{"start":{"line":147,"column":4},"end":{"line":147,"column":79}},"type":"if","locations":[{"start":{"line":147,"column":4},"end":{"line":147,"column":79}},{"start":{"line":147,"column":4},"end":{"line":147,"column":79}}],"line":147},"49":{"loc":{"start":{"line":147,"column":8},"end":{"line":147,"column":43}},"type":"binary-expr","locations":[{"start":{"line":147,"column":8},"end":{"line":147,"column":21}},{"start":{"line":147,"column":25},"end":{"line":147,"column":43}}],"line":147},"50":{"loc":{"start":{"line":149,"column":2},"end":{"line":152,"column":3}},"type":"if","locations":[{"start":{"line":149,"column":2},"end":{"line":152,"column":3}},{"start":{"line":149,"column":2},"end":{"line":152,"column":3}}],"line":149},"51":{"loc":{"start":{"line":153,"column":2},"end":{"line":155,"column":3}},"type":"if","locations":[{"start":{"line":153,"column":2},"end":{"line":155,"column":3}},{"start":{"line":153,"column":2},"end":{"line":155,"column":3}}],"line":153},"52":{"loc":{"start":{"line":163,"column":6},"end":{"line":163,"column":171}},"type":"if","locations":[{"start":{"line":163,"column":6},"end":{"line":163,"column":171}},{"start":{"line":163,"column":6},"end":{"line":163,"column":171}}],"line":163},"53":{"loc":{"start":{"line":172,"column":2},"end":{"line":189,"column":3}},"type":"if","locations":[{"start":{"line":172,"column":2},"end":{"line":189,"column":3}},{"start":{"line":172,"column":2},"end":{"line":189,"column":3}}],"line":172},"54":{"loc":{"start":{"line":172,"column":6},"end":{"line":172,"column":29}},"type":"binary-expr","locations":[{"start":{"line":172,"column":6},"end":{"line":172,"column":16}},{"start":{"line":172,"column":20},"end":{"line":172,"column":29}}],"line":172},"55":{"loc":{"start":{"line":173,"column":4},"end":{"line":173,"column":118}},"type":"if","locations":[{"start":{"line":173,"column":4},"end":{"line":173,"column":118}},{"start":{"line":173,"column":4},"end":{"line":173,"column":118}}],"line":173},"56":{"loc":{"start":{"line":198,"column":2},"end":{"line":202,"column":3}},"type":"if","locations":[{"start":{"line":198,"column":2},"end":{"line":202,"column":3}},{"start":{"line":198,"column":2},"end":{"line":202,"column":3}}],"line":198},"57":{"loc":{"start":{"line":200,"column":9},"end":{"line":202,"column":3}},"type":"if","locations":[{"start":{"line":200,"column":9},"end":{"line":202,"column":3}},{"start":{"line":200,"column":9},"end":{"line":202,"column":3}}],"line":200},"58":{"loc":{"start":{"line":211,"column":33},"end":{"line":211,"column":115}},"type":"binary-expr","locations":[{"start":{"line":211,"column":33},"end":{"line":211,"column":48}},{"start":{"line":211,"column":52},"end":{"line":211,"column":74}},{"start":{"line":211,"column":78},"end":{"line":211,"column":115}}],"line":211},"59":{"loc":{"start":{"line":217,"column":2},"end":{"line":221,"column":3}},"type":"if","locations":[{"start":{"line":217,"column":2},"end":{"line":221,"column":3}},{"start":{"line":217,"column":2},"end":{"line":221,"column":3}}],"line":217},"60":{"loc":{"start":{"line":218,"column":4},"end":{"line":220,"column":5}},"type":"if","locations":[{"start":{"line":218,"column":4},"end":{"line":220,"column":5}},{"start":{"line":218,"column":4},"end":{"line":220,"column":5}}],"line":218},"61":{"loc":{"start":{"line":218,"column":8},"end":{"line":218,"column":88}},"type":"binary-expr","locations":[{"start":{"line":218,"column":8},"end":{"line":218,"column":21}},{"start":{"line":218,"column":25},"end":{"line":218,"column":45}},{"start":{"line":218,"column":49},"end":{"line":218,"column":88}}],"line":218},"62":{"loc":{"start":{"line":222,"column":2},"end":{"line":229,"column":3}},"type":"if","locations":[{"start":{"line":222,"column":2},"end":{"line":229,"column":3}},{"start":{"line":222,"column":2},"end":{"line":229,"column":3}}],"line":222},"63":{"loc":{"start":{"line":226,"column":17},"end":{"line":226,"column":70}},"type":"binary-expr","locations":[{"start":{"line":226,"column":18},"end":{"line":226,"column":31}},{"start":{"line":226,"column":35},"end":{"line":226,"column":63}},{"start":{"line":226,"column":68},"end":{"line":226,"column":70}}],"line":226},"64":{"loc":{"start":{"line":230,"column":2},"end":{"line":237,"column":3}},"type":"if","locations":[{"start":{"line":230,"column":2},"end":{"line":237,"column":3}},{"start":{"line":230,"column":2},"end":{"line":237,"column":3}}],"line":230},"65":{"loc":{"start":{"line":232,"column":4},"end":{"line":232,"column":149}},"type":"if","locations":[{"start":{"line":232,"column":4},"end":{"line":232,"column":149}},{"start":{"line":232,"column":4},"end":{"line":232,"column":149}}],"line":232},"66":{"loc":{"start":{"line":233,"column":4},"end":{"line":236,"column":5}},"type":"if","locations":[{"start":{"line":233,"column":4},"end":{"line":236,"column":5}},{"start":{"line":233,"column":4},"end":{"line":236,"column":5}}],"line":233},"67":{"loc":{"start":{"line":234,"column":28},"end":{"line":234,"column":107}},"type":"binary-expr","locations":[{"start":{"line":234,"column":28},"end":{"line":234,"column":54}},{"start":{"line":234,"column":58},"end":{"line":234,"column":107}}],"line":234},"68":{"loc":{"start":{"line":235,"column":23},"end":{"line":235,"column":116}},"type":"cond-expr","locations":[{"start":{"line":235,"column":39},"end":{"line":235,"column":58}},{"start":{"line":235,"column":61},"end":{"line":235,"column":116}}],"line":235},"69":{"loc":{"start":{"line":240,"column":2},"end":{"line":242,"column":3}},"type":"if","locations":[{"start":{"line":240,"column":2},"end":{"line":242,"column":3}},{"start":{"line":240,"column":2},"end":{"line":242,"column":3}}],"line":240},"70":{"loc":{"start":{"line":240,"column":6},"end":{"line":240,"column":51}},"type":"binary-expr","locations":[{"start":{"line":240,"column":6},"end":{"line":240,"column":22}},{"start":{"line":240,"column":26},"end":{"line":240,"column":51}}],"line":240}},"s":{"0":1,"1":1,"2":1,"3":1,"4":1,"5":1,"6":1,"7":1,"8":1,"9":1,"10":1,"11":1,"12":0,"13":0,"14":0,"15":0,"16":0,"17":0,"18":0,"19":0,"20":0,"21":0,"22":0,"23":0,"24":0,"25":0,"26":0,"27":0,"28":0,"29":0,"30":0,"31":0,"32":0,"33":0,"34":0,"35":0,"36":0,"37":0,"38":0,"39":0,"40":0,"41":0,"42":0,"43":0,"44":0,"45":1,"46":0,"47":0,"48":0,"49":1,"50":0,"51":0,"52":0,"53":0,"54":0,"55":0,"56":0,"57":0,"58":0,"59":0,"60":0,"61":0,"62":0,"63":0,"64":0,"65":0,"66":0,"67":0,"68":0,"69":0,"70":0,"71":0,"72":1,"73":0,"74":0,"75":0,"76":0,"77":0,"78":0,"79":0,"80":0,"81":0,"82":0,"83":0,"84":0,"85":0,"86":0,"87":0,"88":0,"89":0,"90":0,"91":0,"92":0,"93":0,"94":0,"95":0,"96":0,"97":0,"98":0,"99":0,"100":0,"101":0,"102":0,"103":0,"104":0,"105":0,"106":0,"107":0,"108":0,"109":0,"110":0,"111":0,"112":0,"113":0,"114":0,"115":0,"116":0,"117":0,"118":0,"119":0,"120":0,"121":0,"122":0,"123":0,"124":0,"125":0,"126":0,"127":0,"128":0,"129":0,"130":0,"131":0,"132":0,"133":0,"134":0,"135":0,"136":0,"137":0,"138":0,"139":1,"140":0,"141":0,"142":0,"143":0,"144":0,"145":0,"146":0,"147":1,"148":0,"149":0,"150":0,"151":0,"152":0,"153":0,"154":0,"155":0,"156":0,"157":0,"158":0,"159":0,"160":0,"161":0,"162":0,"163":0,"164":0,"165":0,"166":0,"167":0,"168":0,"169":0,"170":0,"171":0,"172":0,"173":0},"f":{"0":0,"1":0,"2":0,"3":0,"4":0,"5":0,"6":0,"7":0,"8":0,"9":0,"10":0,"11":0,"12":0,"13":0,"14":0,"15":0,"16":0,"17":0,"18":0,"19":0,"20":0,"21":0,"22":0,"23":0,"24":0,"25":0},"b":{"0":[0,0],"1":[0,0],"2":[0,0],"3":[0,0],"4":[0,0],"5":[0,0],"6":[0,0],"7":[0,0],"8":[0,0],"9":[0,0,0],"10":[0,0],"11":[0,0],"12":[0,0],"13":[0,0],"14":[0,0],"15":[0,0],"16":[0,0],"17":[0,0],"18":[0,0],"19":[0,0],"20":[0,0],"21":[0,0],"22":[0,0],"23":[0,0],"24":[0,0],"25":[0,0],"26":[0,0],"27":[0,0],"28":[0,0],"29":[0,0],"30":[0,0],"31":[0,0],"32":[0,0],"33":[0,0],"34":[0,0],"35":[0,0],"36":[0,0],"37":[0,0,0],"38":[0,0],"39":[0,0],"40":[0,0],"41":[0,0],"42":[0,0],"43":[0,0],"44":[0,0],"45":[0,0],"46":[0,0],"47":[0,0],"48":[0,0],"49":[0,0],"50":[0,0],"51":[0,0],"52":[0,0],"53":[0,0],"54":[0,0],"55":[0,0],"56":[0,0],"57":[0,0],"58":[0,0,0],"59":[0,0],"60":[0,0],"61":[0,0,0],"62":[0,0],"63":[0,0,0],"64":[0,0],"65":[0,0],"66":[0,0],"67":[0,0],"68":[0,0],"69":[0,0],"70":[0,0]},"_coverageSchema":"1a1c01bbd47fc00a2c39e90264f33305004495a9","hash":"70b1f6058d1e285dbf92d34740624160a495cc60","contentHash":"9258adc0765c66d960566ea52232b2d23a2391f484575fb25d5feaad4a62594a"},"/home/alban/github/data-fair/server/utils/thumbor.js":{"path":"/home/alban/github/data-fair/server/utils/thumbor.js","statementMap":{"0":{"start":{"line":1,"column":15},"end":{"line":1,"column":32}},"1":{"start":{"line":2,"column":16},"end":{"line":2,"column":34}},"2":{"start":{"line":4,"column":16},"end":{"line":4,"column":67}},"3":{"start":{"line":6,"column":0},"end":{"line":16,"column":1}},"4":{"start":{"line":7,"column":2},"end":{"line":7,"column":23}},"5":{"start":{"line":7,"column":12},"end":{"line":7,"column":23}},"6":{"start":{"line":8,"column":2},"end":{"line":8,"column":22}},"7":{"start":{"line":10,"column":2},"end":{"line":10,"column":52}},"8":{"start":{"line":10,"column":42},"end":{"line":10,"column":52}},"9":{"start":{"line":11,"column":2},"end":{"line":11,"column":24}},"10":{"start":{"line":12,"column":2},"end":{"line":15,"column":15}}},"fnMap":{"0":{"name":"(anonymous_0)","decl":{"start":{"line":6,"column":20},"end":{"line":6,"column":21}},"loc":{"start":{"line":6,"column":35},"end":{"line":16,"column":1}},"line":6}},"branchMap":{"0":{"loc":{"start":{"line":7,"column":2},"end":{"line":7,"column":23}},"type":"if","locations":[{"start":{"line":7,"column":2},"end":{"line":7,"column":23}},{"start":{"line":7,"column":2},"end":{"line":7,"column":23}}],"line":7},"1":{"loc":{"start":{"line":10,"column":2},"end":{"line":10,"column":52}},"type":"if","locations":[{"start":{"line":10,"column":2},"end":{"line":10,"column":52}},{"start":{"line":10,"column":2},"end":{"line":10,"column":52}}],"line":10}},"s":{"0":1,"1":1,"2":1,"3":1,"4":0,"5":0,"6":0,"7":0,"8":0,"9":0,"10":0},"f":{"0":0},"b":{"0":[0,0],"1":[0,0]},"_coverageSchema":"1a1c01bbd47fc00a2c39e90264f33305004495a9","hash":"4a58b6654387984debc741b4a28fa60f83db8319","contentHash":"f96fda6786fcc368cff370b41b2b830429f07537a022cb25e89461d0514d7855"},"/home/alban/github/data-fair/server/utils/tiles.js":{"path":"/home/alban/github/data-fair/server/utils/tiles.js","statementMap":{"0":{"start":{"line":1,"column":18},"end":{"line":1,"column":39}},"1":{"start":{"line":2,"column":14},"end":{"line":2,"column":31}},"2":{"start":{"line":5,"column":2},"end":{"line":5,"column":41}},"3":{"start":{"line":9,"column":10},"end":{"line":9,"column":52}},"4":{"start":{"line":10,"column":2},"end":{"line":10,"column":72}},"5":{"start":{"line":14,"column":0},"end":{"line":17,"column":1}},"6":{"start":{"line":16,"column":2},"end":{"line":16,"column":83}},"7":{"start":{"line":19,"column":0},"end":{"line":29,"column":1}},"8":{"start":{"line":20,"column":2},"end":{"line":20,"column":76}},"9":{"start":{"line":20,"column":65},"end":{"line":20,"column":76}},"10":{"start":{"line":21,"column":17},"end":{"line":21,"column":19}},"11":{"start":{"line":26,"column":15},"end":{"line":26,"column":113}},"12":{"start":{"line":27,"column":2},"end":{"line":27,"column":33}},"13":{"start":{"line":27,"column":12},"end":{"line":27,"column":33}},"14":{"start":{"line":28,"column":2},"end":{"line":28,"column":65}}},"fnMap":{"0":{"name":"tile2long","decl":{"start":{"line":4,"column":9},"end":{"line":4,"column":18}},"loc":{"start":{"line":4,"column":25},"end":{"line":6,"column":1}},"line":4},"1":{"name":"tile2lat","decl":{"start":{"line":8,"column":9},"end":{"line":8,"column":17}},"loc":{"start":{"line":8,"column":24},"end":{"line":11,"column":1}},"line":8},"2":{"name":"(anonymous_2)","decl":{"start":{"line":14,"column":19},"end":{"line":14,"column":20}},"loc":{"start":{"line":14,"column":32},"end":{"line":17,"column":1}},"line":14},"3":{"name":"(anonymous_3)","decl":{"start":{"line":19,"column":22},"end":{"line":19,"column":23}},"loc":{"start":{"line":19,"column":40},"end":{"line":29,"column":1}},"line":19}},"branchMap":{"0":{"loc":{"start":{"line":20,"column":2},"end":{"line":20,"column":76}},"type":"if","locations":[{"start":{"line":20,"column":2},"end":{"line":20,"column":76}},{"start":{"line":20,"column":2},"end":{"line":20,"column":76}}],"line":20},"1":{"loc":{"start":{"line":20,"column":6},"end":{"line":20,"column":63}},"type":"binary-expr","locations":[{"start":{"line":20,"column":6},"end":{"line":20,"column":14}},{"start":{"line":20,"column":18},"end":{"line":20,"column":35}},{"start":{"line":20,"column":39},"end":{"line":20,"column":63}}],"line":20},"2":{"loc":{"start":{"line":27,"column":2},"end":{"line":27,"column":33}},"type":"if","locations":[{"start":{"line":27,"column":2},"end":{"line":27,"column":33}},{"start":{"line":27,"column":2},"end":{"line":27,"column":33}}],"line":27}},"s":{"0":1,"1":1,"2":0,"3":0,"4":0,"5":1,"6":0,"7":1,"8":0,"9":0,"10":0,"11":0,"12":0,"13":0,"14":0},"f":{"0":0,"1":0,"2":0,"3":0},"b":{"0":[0,0],"1":[0,0,0],"2":[0,0]},"_coverageSchema":"1a1c01bbd47fc00a2c39e90264f33305004495a9","hash":"1816fe60a2e757f0bf29ebb03b4571289a45321e","contentHash":"b7f78e25745073987d314aa14b881b2b178e1b1905bb7232570ed6ecbafd4a01"},"/home/alban/github/data-fair/server/utils/geo.js":{"path":"/home/alban/github/data-fair/server/utils/geo.js","statementMap":{"0":{"start":{"line":1,"column":13},"end":{"line":1,"column":28}},"1":{"start":{"line":2,"column":11},"end":{"line":2,"column":24}},"2":{"start":{"line":3,"column":13},"end":{"line":3,"column":34}},"3":{"start":{"line":4,"column":15},"end":{"line":4,"column":46}},"4":{"start":{"line":5,"column":20},"end":{"line":5,"column":57}},"5":{"start":{"line":6,"column":14},"end":{"line":6,"column":44}},"6":{"start":{"line":7,"column":15},"end":{"line":7,"column":54}},"7":{"start":{"line":8,"column":16},"end":{"line":8,"column":31}},"8":{"start":{"line":9,"column":13},"end":{"line":9,"column":50}},"9":{"start":{"line":10,"column":18},"end":{"line":10,"column":51}},"10":{"start":{"line":11,"column":12},"end":{"line":11,"column":34}},"11":{"start":{"line":12,"column":18},"end":{"line":12,"column":46}},"12":{"start":{"line":13,"column":14},"end":{"line":13,"column":30}},"13":{"start":{"line":14,"column":14},"end":{"line":14,"column":37}},"14":{"start":{"line":16,"column":20},"end":{"line":16,"column":57}},"15":{"start":{"line":17,"column":16},"end":{"line":17,"column":57}},"16":{"start":{"line":18,"column":18},"end":{"line":18,"column":68}},"17":{"start":{"line":19,"column":15},"end":{"line":19,"column":92}},"18":{"start":{"line":20,"column":15},"end":{"line":20,"column":94}},"19":{"start":{"line":21,"column":18},"end":{"line":21,"column":59}},"20":{"start":{"line":22,"column":18},"end":{"line":22,"column":59}},"21":{"start":{"line":24,"column":0},"end":{"line":34,"column":1}},"22":{"start":{"line":25,"column":17},"end":{"line":25,"column":64}},"23":{"start":{"line":25,"column":34},"end":{"line":25,"column":63}},"24":{"start":{"line":26,"column":2},"end":{"line":26,"column":31}},"25":{"start":{"line":26,"column":14},"end":{"line":26,"column":31}},"26":{"start":{"line":27,"column":14},"end":{"line":27,"column":70}},"27":{"start":{"line":27,"column":31},"end":{"line":27,"column":69}},"28":{"start":{"line":28,"column":14},"end":{"line":28,"column":70}},"29":{"start":{"line":28,"column":31},"end":{"line":28,"column":69}},"30":{"start":{"line":29,"column":2},"end":{"line":29,"column":48}},"31":{"start":{"line":29,"column":18},"end":{"line":29,"column":48}},"32":{"start":{"line":30,"column":12},"end":{"line":30,"column":59}},"33":{"start":{"line":30,"column":29},"end":{"line":30,"column":58}},"34":{"start":{"line":31,"column":12},"end":{"line":31,"column":59}},"35":{"start":{"line":31,"column":29},"end":{"line":31,"column":58}},"36":{"start":{"line":32,"column":2},"end":{"line":32,"column":40}},"37":{"start":{"line":32,"column":14},"end":{"line":32,"column":40}},"38":{"start":{"line":33,"column":2},"end":{"line":33,"column":14}},"39":{"start":{"line":36,"column":0},"end":{"line":39,"column":1}},"40":{"start":{"line":37,"column":16},"end":{"line":37,"column":61}},"41":{"start":{"line":37,"column":33},"end":{"line":37,"column":60}},"42":{"start":{"line":38,"column":2},"end":{"line":38,"column":38}},"43":{"start":{"line":41,"column":0},"end":{"line":43,"column":1}},"44":{"start":{"line":42,"column":2},"end":{"line":42,"column":84}},"45":{"start":{"line":45,"column":0},"end":{"line":49,"column":1}},"46":{"start":{"line":46,"column":2},"end":{"line":46,"column":31}},"47":{"start":{"line":46,"column":21},"end":{"line":46,"column":31}},"48":{"start":{"line":47,"column":2},"end":{"line":47,"column":30}},"49":{"start":{"line":47,"column":20},"end":{"line":47,"column":30}},"50":{"start":{"line":48,"column":2},"end":{"line":48,"column":12}},"51":{"start":{"line":51,"column":0},"end":{"line":84,"column":1}},"52":{"start":{"line":52,"column":17},"end":{"line":52,"column":31}},"53":{"start":{"line":55,"column":21},"end":{"line":55,"column":68}},"54":{"start":{"line":55,"column":38},"end":{"line":55,"column":67}},"55":{"start":{"line":56,"column":21},"end":{"line":56,"column":68}},"56":{"start":{"line":56,"column":38},"end":{"line":56,"column":67}},"57":{"start":{"line":57,"column":2},"end":{"line":66,"column":3}},"58":{"start":{"line":58,"column":23},"end":{"line":58,"column":129}},"59":{"start":{"line":58,"column":94},"end":{"line":58,"column":128}},"60":{"start":{"line":59,"column":4},"end":{"line":59,"column":123}},"61":{"start":{"line":59,"column":43},"end":{"line":59,"column":123}},"62":{"start":{"line":60,"column":4},"end":{"line":65,"column":5}},"63":{"start":{"line":61,"column":6},"end":{"line":61,"column":31}},"64":{"start":{"line":62,"column":6},"end":{"line":62,"column":31}},"65":{"start":{"line":64,"column":6},"end":{"line":64,"column":95}},"66":{"start":{"line":68,"column":21},"end":{"line":68,"column":68}},"67":{"start":{"line":68,"column":38},"end":{"line":68,"column":67}},"68":{"start":{"line":69,"column":2},"end":{"line":69,"column":87}},"69":{"start":{"line":69,"column":41},"end":{"line":69,"column":87}},"70":{"start":{"line":71,"column":18},"end":{"line":71,"column":74}},"71":{"start":{"line":71,"column":35},"end":{"line":71,"column":73}},"72":{"start":{"line":72,"column":18},"end":{"line":72,"column":74}},"73":{"start":{"line":72,"column":35},"end":{"line":72,"column":73}},"74":{"start":{"line":73,"column":2},"end":{"line":76,"column":3}},"75":{"start":{"line":74,"column":4},"end":{"line":74,"column":26}},"76":{"start":{"line":75,"column":4},"end":{"line":75,"column":26}},"77":{"start":{"line":78,"column":2},"end":{"line":78,"column":29}},"78":{"start":{"line":78,"column":20},"end":{"line":78,"column":29}},"79":{"start":{"line":79,"column":2},"end":{"line":83,"column":3}},"80":{"start":{"line":86,"column":0},"end":{"line":124,"column":1}},"81":{"start":{"line":87,"column":15},"end":{"line":87,"column":60}},"82":{"start":{"line":87,"column":32},"end":{"line":87,"column":59}},"83":{"start":{"line":88,"column":2},"end":{"line":88,"column":123}},"84":{"start":{"line":88,"column":114},"end":{"line":88,"column":123}},"85":{"start":{"line":90,"column":19},"end":{"line":90,"column":96}},"86":{"start":{"line":91,"column":18},"end":{"line":91,"column":47}},"87":{"start":{"line":93,"column":2},"end":{"line":97,"column":3}},"88":{"start":{"line":94,"column":4},"end":{"line":94,"column":42}},"89":{"start":{"line":96,"column":4},"end":{"line":96,"column":63}},"90":{"start":{"line":98,"column":2},"end":{"line":102,"column":3}},"91":{"start":{"line":99,"column":4},"end":{"line":99,"column":37}},"92":{"start":{"line":101,"column":4},"end":{"line":101,"column":58}},"93":{"start":{"line":103,"column":2},"end":{"line":112,"column":3}},"94":{"start":{"line":104,"column":4},"end":{"line":109,"column":5}},"95":{"start":{"line":105,"column":21},"end":{"line":105,"column":53}},"96":{"start":{"line":106,"column":6},"end":{"line":108,"column":7}},"97":{"start":{"line":107,"column":8},"end":{"line":107,"column":35}},"98":{"start":{"line":111,"column":4},"end":{"line":111,"column":81}},"99":{"start":{"line":117,"column":19},"end":{"line":117,"column":41}},"100":{"start":{"line":118,"column":22},"end":{"line":118,"column":58}},"101":{"start":{"line":119,"column":2},"end":{"line":123,"column":3}},"102":{"start":{"line":122,"column":62},"end":{
[...]
:4},"end":{"line":64,"column":5}}],"line":61},"10":{"loc":{"start":{"line":65,"column":4},"end":{"line":68,"column":5}},"type":"if","locations":[{"start":{"line":65,"column":4},"end":{"line":68,"column":5}},{"start":{"line":65,"column":4},"end":{"line":68,"column":5}}],"line":65},"11":{"loc":{"start":{"line":71,"column":20},"end":{"line":71,"column":61}},"type":"cond-expr","locations":[{"start":{"line":71,"column":42},"end":{"line":71,"column":53}},{"start":{"line":71,"column":56},"end":{"line":71,"column":61}}],"line":71},"12":{"loc":{"start":{"line":72,"column":18},"end":{"line":72,"column":55}},"type":"cond-expr","locations":[{"start":{"line":72,"column":38},"end":{"line":72,"column":43}},{"start":{"line":72,"column":46},"end":{"line":72,"column":55}}],"line":72},"13":{"loc":{"start":{"line":85,"column":2},"end":{"line":87,"column":3}},"type":"if","locations":[{"start":{"line":85,"column":2},"end":{"line":87,"column":3}},{"start":{"line":85,"column":2},"end":{"line":87,"column":3}}],"line":85},"14":{"loc":{"start":{"line":90,"column":2},"end":{"line":93,"column":3}},"type":"if","locations":[{"start":{"line":90,"column":2},"end":{"line":93,"column":3}},{"start":{"line":90,"column":2},"end":{"line":93,"column":3}}],"line":90},"15":{"loc":{"start":{"line":90,"column":6},"end":{"line":90,"column":91}},"type":"binary-expr","locations":[{"start":{"line":90,"column":6},"end":{"line":90,"column":20}},{"start":{"line":90,"column":24},"end":{"line":90,"column":91}}],"line":90}},"s":{"0":1,"1":1,"2":1,"3":1,"4":1,"5":1,"6":1,"7":0,"8":0,"9":0,"10":0,"11":0,"12":0,"13":0,"14":0,"15":0,"16":0,"17":0,"18":0,"19":0,"20":0,"21":0,"22":0,"23":0,"24":0,"25":0,"26":0,"27":0,"28":0,"29":0,"30":0,"31":0,"32":0,"33":0,"34":0,"35":0,"36":0,"37":0,"38":0,"39":0,"40":0,"41":0,"42":0,"43":0,"44":0,"45":0,"46":0,"47":0,"48":0,"49":0,"50":0,"51":0,"52":0,"53":0,"54":0,"55":0,"56":0,"57":0,"58":0,"59":0,"60":0,"61":0,"62":0,"63":0,"64":0,"65":0},"f":{"0":0,"1":0,"2":0,"3":0,"4":0,"5":0,"6":0,"7":0},"b":{"0":[0,0],"1":[0,0],"2":[0,0],"3":[0,0],"4":[0,0],"5":[0,0],"6":[0,0],"7":[0,0],"8":[0,0],"9":[0,0],"10":[0,0],"11":[0,0],"12":[0,0],"13":[0,0],"14":[0,0],"15":[0,0]},"_coverageSchema":"1a1c01bbd47fc00a2c39e90264f33305004495a9","hash":"a3a4275c28e566daef3e53ba03e96053645b6d18","contentHash":"2589c957e07007552a4b5004f93583aa1796b1cafad44235a0f50fbc1403ddb9"},"/home/alban/github/data-fair/server/utils/virtual-datasets.js":{"path":"/home/alban/github/data-fair/server/utils/virtual-datasets.js","statementMap":{"0":{"start":{"line":1,"column":21},"end":{"line":1,"column":41}},"1":{"start":{"line":2,"column":20},"end":{"line":2,"column":42}},"2":{"start":{"line":8,"column":16},"end":{"line":8,"column":18}},"3":{"start":{"line":9,"column":2},"end":{"line":23,"column":3}},"4":{"start":{"line":10,"column":18},"end":{"line":11,"column":132}},"5":{"start":{"line":12,"column":4},"end":{"line":12,"column":24}},"6":{"start":{"line":12,"column":16},"end":{"line":12,"column":24}},"7":{"start":{"line":13,"column":4},"end":{"line":22,"column":5}},"8":{"start":{"line":14,"column":35},"end":{"line":14,"column":103}},"9":{"start":{"line":15,"column":6},"end":{"line":17,"column":9}},"10":{"start":{"line":15,"column":40},"end":{"line":17,"column":8}},"11":{"start":{"line":16,"column":8},"end":{"line":16,"column":90}},"12":{"start":{"line":16,"column":36},"end":{"line":16,"column":55}},"13":{"start":{"line":16,"column":58},"end":{"line":16,"column":90}},"14":{"start":{"line":18,"column":6},"end":{"line":18,"column":32}},"15":{"start":{"line":19,"column":6},"end":{"line":19,"column":52}},"16":{"start":{"line":21,"column":6},"end":{"line":21,"column":32}},"17":{"start":{"line":24,"column":2},"end":{"line":24,"column":16}},"18":{"start":{"line":28,"column":0},"end":{"line":65,"column":1}},"19":{"start":{"line":29,"column":2},"end":{"line":29,"column":78}},"20":{"start":{"line":29,"column":69},"end":{"line":29,"column":78}},"21":{"start":{"line":30,"column":2},"end":{"line":30,"column":39}},"22":{"start":{"line":31,"column":17},"end":{"line":31,"column":53}},"23":{"start":{"line":32,"column":28},"end":{"line":32,"column":39}},"24":{"start":{"line":33,"column":18},"end":{"line":33,"column":103}},"25":{"start":{"line":34,"column":2},"end":{"line":56,"column":4}},"26":{"start":{"line":35,"column":4},"end":{"line":37,"column":5}},"27":{"start":{"line":36,"column":6},"end":{"line":36,"column":132}},"28":{"start":{"line":38,"column":27},"end":{"line":38,"column":29}},"29":{"start":{"line":39,"column":4},"end":{"line":39,"column":114}},"30":{"start":{"line":39,"column":24},"end":{"line":39,"column":27}},"31":{"start":{"line":39,"column":42},"end":{"line":39,"column":113}},"32":{"start":{"line":39,"column":56},"end":{"line":39,"column":75}},"33":{"start":{"line":39,"column":90},"end":{"line":39,"column":112}},"34":{"start":{"line":40,"column":4},"end":{"line":43,"column":5}},"35":{"start":{"line":41,"column":6},"end":{"line":41,"column":18}},"36":{"start":{"line":42,"column":6},"end":{"line":42,"column":12}},"37":{"start":{"line":44,"column":4},"end":{"line":44,"column":53}},"38":{"start":{"line":45,"column":4},"end":{"line":45,"column":67}},"39":{"start":{"line":46,"column":4},"end":{"line":46,"column":88}},"40":{"start":{"line":47,"column":4},"end":{"line":55,"column":6}},"41":{"start":{"line":49,"column":6},"end":{"line":49,"column":137}},"42":{"start":{"line":49,"column":33},"end":{"line":49,"column":137}},"43":{"start":{"line":50,"column":6},"end":{"line":50,"column":189}},"44":{"start":{"line":50,"column":47},"end":{"line":50,"column":189}},"45":{"start":{"line":51,"column":6},"end":{"line":51,"column":218}},"46":{"start":{"line":51,"column":61},"end":{"line":51,"column":218}},"47":{"start":{"line":53,"column":6},"end":{"line":53,"column":42}},"48":{"start":{"line":54,"column":6},"end":{"line":54,"column":48}},"49":{"start":{"line":58,"column":26},"end":{"line":58,"column":28}},"50":{"start":{"line":59,"column":2},"end":{"line":62,"column":4}},"51":{"start":{"line":59,"column":21},"end":{"line":59,"column":24}},"52":{"start":{"line":59,"column":38},"end":{"line":59,"column":53}},"53":{"start":{"line":60,"column":4},"end":{"line":60,"column":183}},"54":{"start":{"line":60,"column":42},"end":{"line":60,"column":183}},"55":{"start":{"line":61,"column":4},"end":{"line":61,"column":44}},"56":{"start":{"line":64,"column":2},"end":{"line":64,"column":32}},"57":{"start":{"line":64,"column":28},"end":{"line":64,"column":31}},"58":{"start":{"line":68,"column":0},"end":{"line":100,"column":1}},"59":{"start":{"line":69,"column":14},"end":{"line":89,"column":15}},"60":{"start":{"line":90,"column":40},"end":{"line":91,"column":78}},"61":{"start":{"line":91,"column":17},"end":{"line":91,"column":77}},"62":{"start":{"line":92,"column":2},"end":{"line":94,"column":3}},"63":{"start":{"line":93,"column":4},"end":{"line":93,"column":190}},"64":{"start":{"line":95,"column":30},"end":{"line":95,"column":89}},"65":{"start":{"line":95,"column":61},"end":{"line":95,"column":73}},"66":{"start":{"line":95,"column":84},"end":{"line":95,"column":88}},"67":{"start":{"line":96,"column":2},"end":{"line":98,"column":3}},"68":{"start":{"line":97,"column":4},"end":{"line":97,"column":125}},"69":{"start":{"line":99,"column":2},"end":{"line":99,"column":28}}},"fnMap":{"0":{"name":"childrenSchemas","decl":{"start":{"line":7,"column":15},"end":{"line":7,"column":30}},"loc":{"start":{"line":7,"column":71},"end":{"line":25,"column":1}},"line":7},"1":{"name":"(anonymous_1)","decl":{"start":{"line":15,"column":35},"end":{"line":15,"column":36}},"loc":{"start":{"line":15,"column":40},"end":{"line":17,"column":8}},"line":15},"2":{"name":"(anonymous_2)","decl":{"start":{"line":15,"column":50},"end":{"line":15,"column":51}},"loc":{"start":{"line":15,"column":59},"end":{"line":17,"column":7}},"line":15},"3":{"name":"(anonymous_3)","decl":{"start":{"line":16,"column":31},"end":{"line":16,"column":32}},"loc":{"start":{"line":16,"column":36},"end":{"line":16,"column":55}},"line":16},"4":{"name":"(anonymous_4)","decl":{"start":{"line":28,"column":24},"end":{"line":28,"column":25}},"loc":{"start":{"line":28,"column":47},"end":{"line":65,"column":1}},"line":28},"5":{"name":"(anonymous_5)","decl":{"start":{"line":34,"column":17},"end":{"line":34,"column":18}},"loc":{"start":{"line":34,"column":26},"end":{"line":56,"column":3}},"line":34},"6":{"name":"(anonymous_6)","decl":{"start":{"line":39,"column":19},"end":{"line":39,"column":20}},"loc":{"start":{"line":39,"column":24},"end":{"line":39,"column":27}},"line":39},"7":{"name":"(anonymous_7)","decl":{"start":{"line":39,"column":37},"end":{"line":39,"column":38}},"loc":{"start":{"line":39,"column":42},"end":{"line":39,"column":113}},"line":39},"8":{"name":"(anonymous_8)","decl":{"start":{"line":39,"column":51},"end":{"line":39,"column":52}},"loc":{"start":{"line":39,"column":56},"end":{"line":39,"column":75}},"line":39},"9":{"name":"(anonymous_9)","decl":{"start":{"line":39,"column":85},"end":{"line":39,"column":86}},"loc":{"start":{"line":39,"column":90},"end":{"line":39,"column":112}},"line":39},"10":{"name":"(anonymous_10)","decl":{"start":{"line":47,"column":27},"end":{"line":47,"column":28}},"loc":{"start":{"line":47,"column":32},"end":{"line":55,"column":5}},"line":47},"11":{"name":"(anonymous_11)","decl":{"start":{"line":59,"column":16},"end":{"line":59,"column":17}},"loc":{"start":{"line":59,"column":21},"end":{"line":59,"column":24}},"line":59},"12":{"name":"(anonymous_12)","decl":{"start":{"line":59,"column":33},"end":{"line":59,"column":34}},"loc":{"start":{"line":59,"column":38},"end":{"line":59,"column":53}},"line":59},"13":{"name":"(anonymous_13)","decl":{"start":{"line":59,"column":63},"end":{"line":59,"column":64}},"loc":{"start":{"line":59,"column":68},"end":{"line":62,"column":3}},"line":59},"14":{"name":"(anonymous_14)","decl":{"start":{"line":64,"column":23},"end":{"line":64,"column":24}},"loc":{"start":{"line":64,"column":28},"end":{"line":64,"column":31}},"line":64},"15":{"name":"(anonymous_15)","decl":{"start":{"line":68,"column":22},"end":{"line":68,"column":23}},"loc":{"start":{"line":68,"column":45},"end":{"line":100,"column":1}},"line":68},"16":{"name":"(anonymous_16)","decl":{"start":{"line":91,"column":12},"end":{"line":91,"column":13}},"loc":{"start":{"line":91,"column":17},"end":{"line":91,"column":77}},"line":91},"17":{"name":"(anonymous_17)","decl":{"start":{"line":95,"column":56},"end":{"line":95,"column":57}},"loc":{"start":{"line":95,"column":61},"end":{"line":95,"column":73}},"line":95},"18":{"name":"(anonymous_18)","decl":{"start":{"line":95,"column":79},"end":{"line":95,"column":80}},"loc":{"start":{"line":95,"column":84},"end":{"line":95,"column":88}},"line":95}},"branchMap":{"0":{"loc":{"start":{"line":12,"column":4},"end":{"line":12,"column":24}},"type":"if","locations":[{"start":{"line":12,"column":4},"end":{"line":12,"column":24}},{"start":{"line":12,"column":4},"end":{"line":12,"column":24}}],"line":12},"1":{"loc":{"start":{"line":13,"column":4},"end":{"line":22,"column":5}},"type":"if","locations":[{"start":{"line":13,"column":4},"end":{"line":22,"column":5}},{"start":{"line":13,"column":4},"end":{"line":22,"column":5}}],"line":13},"2":{"loc":{"start":{"line":16,"column":8},"end":{"line":16,"column":90}},"type":"if","locations":[{"start":{"line":16,"column":8},"end":{"line":16,"column":90}},{"start":{"line":16,"column":8},"end":{"line":16,"column":90}}],"line":16},"3":{"loc":{"start":{"line":29,"column":2},"end":{"line":29,"column":78}},"type":"if","locations":[{"start":{"line":29,"column":2},"end":{"line":29,"column":78}},{"start":{"line":29,"column":2},"end":{"line":29,"column":78}}],"line":29},"4":{"loc":{"start":{"line":29,"column":6},"end":{"line":29,"column":67}},"type":"binary-expr","locations":[{"start":{"line":29,"column":6},"end":{"line":29,"column":31}},{"start":{"line":29,"column":35},"end":{"line":29,"column":67}}],"line":29},"5":{"loc":{"start":{"line":30,"column":19},"end":{"line":30,"column":39}},"type":"binary-expr","locations":[{"start":{"line":30,"column":19},"end":{"line":30,"column":33}},{"start":{"line":30,"column":37},"end":{"line":30,"column":39}}],"line":30},"6":{"loc":{"start":{"line":35,"column":4},"end":{"line":37,"column":5}},"type":"if","locations":[{"start":{"line":35,"column":4},"end":{"line":37,"column":5}},{"start":{"line":35,"column":4},"end":{"line":37,"column":5}}],"line":35},"7":{"loc":{"start":{"line":40,"column":4},"end":{"line":43,"column":5}},"type":"if","locations":[{"start":{"line":40,"column":4},"end":{"line":43,"column":5}},{"start":{"line":40,"column":4},"end":{"line":43,"column":5}}],"line":40},"8":{"loc":{"start":{"line":44,"column":17},"end":{"line":44,"column":53}},"type":"binary-expr","locations":[{"start":{"line":44,"column":17},"end":{"line":44,"column":27}},{"start":{"line":44,"column":31},"end":{"line":44,"column":53}}],"line":44},"9":{"loc":{"start":{"line":45,"column":19},"end":{"line":45,"column":67}},"type":"binary-expr","locations":[{"start":{"line":45,"column":19},"end":{"line":45,"column":31}},{"start":{"line":45,"column":35},"end":{"line":45,"column":59}},{"start":{"line":45,"column":63},"end":{"line":45,"column":67}}],"line":45},"10":{"loc":{"start":{"line":46,"column":26},"end":{"line":46,"column":88}},"type":"binary-expr","locations":[{"start":{"line":46,"column":26},"end":{"line":46,"column":45}},{"start":{"line":46,"column":49},"end":{"line":46,"column":80}},{"start":{"line":46,"column":84},"end":{"line":46,"column":88}}],"line":46},"11":{"loc":{"start":{"line":49,"column":6},"end":{"line":49,"column":137}},"type":"if","locations":[{"start":{"line":49,"column":6},"end":{"line":49,"column":137}},{"start":{"line":49,"column":6},"end":{"line":49,"column":137}}],"line":49},"12":{"loc":{"start":{"line":50,"column":6},"end":{"line":50,"column":189}},"type":"if","locations":[{"start":{"line":50,"column":6},"end":{"line":50,"column":189}},{"start":{"line":50,"column":6},"end":{"line":50,"column":189}}],"line":50},"13":{"loc":{"start":{"line":50,"column":11},"end":{"line":50,"column":27}},"type":"binary-expr","locations":[{"start":{"line":50,"column":11},"end":{"line":50,"column":19}},{"start":{"line":50,"column":23},"end":{"line":50,"column":27}}],"line":50},"14":{"loc":{"start":{"line":50,"column":128},"end":{"line":50,"column":156}},"type":"binary-expr","locations":[{"start":{"line":50,"column":128},"end":{"line":50,"column":140}},{"start":{"line":50,"column":144},"end":{"line":50,"column":156}}],"line":50},"15":{"loc":{"start":{"line":50,"column":161},"end":{"line":50,"column":185}},"type":"binary-expr","locations":[{"start":{"line":50,"column":161},"end":{"line":50,"column":169}},{"start":{"line":50,"column":173},"end":{"line":50,"column":185}}],"line":50},"16":{"loc":{"start":{"line":51,"column":6},"end":{"line":51,"column":218}},"type":"if","locations":[{"start":{"line":51,"column":6},"end":{"line":51,"column":218}},{"start":{"line":51,"column":6},"end":{"line":51,"column":218}}],"line":51},"17":{"loc":{"start":{"line":51,"column":11},"end":{"line":51,"column":34}},"type":"binary-expr","locations":[{"start":{"line":51,"column":11},"end":{"line":51,"column":26}},{"start":{"line":51,"column":30},"end":{"line":51,"column":34}}],"line":51},"18":{"loc":{"start":{"line":51,"column":143},"end":{"line":51,"column":178}},"type":"binary-expr","locations":[{"start":{"line":51,"column":143},"end":{"line":51,"column":162}},{"start":{"line":51,"column":166},"end":{"line":51,"column":178}}],"line":51},"19":{"loc":{"start":{"line":51,"column":183},"end":{"line":51,"column":214}},"type":"binary-expr","locations":[{"start":{"line":51,"column":183},"end":{"line":51,"column":198}},{"start":{"line":51,"column":202},"end":{"line":51,"column":214}}],"line":51},"20":{"loc":{"start":{"line":53,"column":20},"end":{"line":53,"column":42}},"type":"binary-expr","locations":[{"start":{"line":53,"column":20},"end":{"line":53,"column":31}},{"start":{"line":53,"column":35},"end":{"line":53,"column":42}}],"line":53},"21":{"loc":{"start":{"line":54,"column":26},"end":{"line":54,"column":48}},"type":"binary-expr","locations":[{"start":{"line":54,"column":26},"end":{"line":54,"column":37}},{"start":{"line":54,"column":41},"end":{"line":54,"column":48}}],"line":54},"22":{"loc":{"start":{"line":60,"column":4},"end":{"line":60,"column":183}},"type":"if","locations":[{"start":{"line":60,"column":4},"end":{"line":60,"column":183}},{"start":{"line":60,"column":4},"end":{"line":60,"column":183}}],"line":60},"23":{"loc":{"start":{"line":91,"column":17},"end":{"line":91,"column":77}},"type":"binary-expr","locations":[{"start":{"line":91,"column":17},"end":{"line":91,"column":28}},{"start":{"line":91,"column":32},"end":{"line":91,"column":49}},{"start":{"line":91,"column":53},"end":{"line":91,"column":77}}],"line":91},"24":{"loc":{"start":{"line":92,"column":2},"end":{"line":94,"column":3}},"type":"if","locations":[{"start":{"line":92,"column":2},"end":{"line":94,"column":3}},{"start":{"line":92,"column":2},"end":{"line":94,"column":3}}],"line":92},"25":{"loc":{"start":{"line":96,"column":2},"end":{"line":98,"column":3}},"type":"if","locations":[{"start":{"line":96,"column":2},"end":{"line":98,"column":3}},{"start":{"line":96,"column":2},"end":{"line":98,"column":3}}],"line":96}},"s":{"0":1,"1":1,"2":0,"3":0,"4":0,"5":0,"6":0,"7":0,"8":0,"9":0,"10":0,"11":0,"12":0,"13":0,"14":0,"15":0,"16":0,"17":0,"18":1,"19":0,"20":0,"21":0,"22":0,"23":0,"24":0,"25":0,"26":0,"27":0,"28":0,"29":0,"30":0,"31":0,"32":0,"33":0,"34":0,"35":0,"36":0,"37":0,"38":0,"39":0,"40":0,"41":0,"42":0,"43":0,"44":0,"45":0,"46":0,"47":0,"48":0,"49":0,"50":0,"51":0,"52":0,"53":0,"54":0,"55":0,"56":0,"57":0,"58":1,"59":0,"60":0,"61":0,"62":0,"63":0,"64":0,"65":0,"66":0,"67":0,"68":0,"69":0},"f":{"0":0,"1":0,"2":0,"3":0,"4":0,"5":0,"6":0,"7":0,"8":0,"9":0,"10":0,"11":0,"12":0,"13":0,"14":0,"15":0,"16":0,"17":0,"18":0},"b":{"0":[0,0],"1":[0,0],"2":[0,0],"3":[0,0],"4":[0,0],"5":[0,0],"6":[0,0],"7":[0,0],"8":[0,0],"9":[0,0,0],"10":[0,0,0],"11":[0,0],"12":[0,0],"13":[0,0],"14":[0,0],"15":[0,0],"16":[0,0],"17":[0,0],"18":[0,0],"19":[0,0],"20":[0,0],"21":[0,0],"22":[0,0],"23":[0,0,0],"24":[0,0],"25":[0,0]},"_coverageSchema":"1a1c01bbd47fc00a2c39e90264f33305004495a9","hash":"70ad973569a27df3337f8f0a3dcd482519def83f","contentHash":"ab5d0f468acb65c50cde841892805ea0d61335188136169843a0cde3572780d7"},"/home/alban/github/data-fair/server/workers/dataset-publisher.js":{"path":"/home/alban/github/data-fair/server/workers/dataset-publisher.js","statementMap":{"0":{"start":{"line":1,"column":17},"end":{"line":1,"column":39}},"1":{"start":{"line":3,"column":0},"end":{"line":5,"column":1}},"2":{"start":{"line":4,"column":2},"end":{"line":4,"column":62}}},"fnMap":{"0":{"name":"(anonymous_0)","decl":{"start":{"line":3,"column":18},"end":{"line":3,"column":19}},"loc":{"start":{"line":3,"column":47},"end":{"line":5,"column":1}},"line":3}},"branchMap":{},"s":{"0":1,"1":1,"2":0},"f":{"0":0},"b":{},"_coverageSchema":"1a1c01bbd47fc00a2c39e90264f33305004495a9","hash":"b2ce8e43fdb877d2bdc55a62d02385a54a02be3e","contentHash":"a3ed2403a86e785d79c6c772495b0e59e8975518bd4e50c7b3fc03287f93f890"},"/home/alban/github/data-fair/server/workers/application-publisher.js":{"path":"/home/alban/github/data-fair/server/workers/application-publisher.js","statementMap":{"0":{"start":{"line":1,"column":17},"end":{"line":1,"column":39}},"1":{"start":{"line":3,"column":0},"end":{"line":5,"column":1}},"2":{"start":{"line":4,"column":2},"end":{"line":4,"column":70}}},"fnMap":{"0":{"name":"(anonymous_0)","decl":{"start":{"line":3,"column":18},"end":{"line":3,"column":19}},"loc":{"start":{"line":3,"column":51},"end":{"line":5,"column":1}},"line":3}},"branchMap":{},"s":{"0":1,"1":1,"2":0},"f":{"0":0},"b":{},"_coverageSchema":"1a1c01bbd47fc00a2c39e90264f33305004495a9","hash":"54f508665c0949a4ee388edd369ece2b78494fa0","contentHash":"647943a0633c7c5b0c0c5edaaa63e214c4002f28e2f56a926766765285a9e207"}}